{"/mnt/c/Users/johnb/Cpen321/Cpen321Project/config.js": {"path":"/mnt/c/Users/johnb/Cpen321/Cpen321Project/config.js","statementMap":{"0":{"start":{"line":1,"column":12},"end":{"line":12,"column":1}},"1":{"start":{"line":14,"column":0},"end":{"line":14,"column":21}}},"fnMap":{},"branchMap":{},"s":{"0":1,"1":1},"f":{},"b":{},"_coverageSchema":"43e27e138ebf9cfc5966b082cf9a028302ed4184","hash":"f9be8c7eeca0945c93186c0272433004da276004"}
,"/mnt/c/Users/johnb/Cpen321/Cpen321Project/logger.js": {"path":"/mnt/c/Users/johnb/Cpen321/Cpen321Project/logger.js","statementMap":{"0":{"start":{"line":1,"column":16},"end":{"line":1,"column":34}},"1":{"start":{"line":2,"column":15},"end":{"line":7,"column":2}},"2":{"start":{"line":9,"column":0},"end":{"line":11,"column":4}},"3":{"start":{"line":13,"column":22},"end":{"line":20,"column":1}},"4":{"start":{"line":22,"column":0},"end":{"line":25,"column":2}}},"fnMap":{},"branchMap":{},"s":{"0":5,"1":5,"2":5,"3":5,"4":5},"f":{},"b":{},"_coverageSchema":"43e27e138ebf9cfc5966b082cf9a028302ed4184","hash":"a9ce2b9014c312c4fe277b7377e286907551e6c9"}
,"/mnt/c/Users/johnb/Cpen321/Cpen321Project/rest-server/controller/question.js": {"path":"/mnt/c/Users/johnb/Cpen321/Cpen321Project/rest-server/controller/question.js","statementMap":{"0":{"start":{"line":1,"column":17},"end":{"line":1,"column":47}},"1":{"start":{"line":2,"column":13},"end":{"line":2,"column":38}},"2":{"start":{"line":3,"column":17},"end":{"line":3,"column":39}},"3":{"start":{"line":4,"column":33},"end":{"line":4,"column":65}},"4":{"start":{"line":5,"column":17},"end":{"line":5,"column":40}},"5":{"start":{"line":11,"column":25},"end":{"line":11,"column":71}},"6":{"start":{"line":14,"column":20},"end":{"line":31,"column":1}},"7":{"start":{"line":15,"column":23},"end":{"line":15,"column":44}},"8":{"start":{"line":17,"column":4},"end":{"line":17,"column":53}},"9":{"start":{"line":18,"column":4},"end":{"line":30,"column":5}},"10":{"start":{"line":20,"column":23},"end":{"line":20,"column":58}},"11":{"start":{"line":22,"column":8},"end":{"line":24,"column":9}},"12":{"start":{"line":23,"column":12},"end":{"line":23,"column":59}},"13":{"start":{"line":26,"column":8},"end":{"line":26,"column":39}},"14":{"start":{"line":29,"column":8},"end":{"line":29,"column":32}},"15":{"start":{"line":33,"column":21},"end":{"line":71,"column":1}},"16":{"start":{"line":35,"column":20},"end":{"line":35,"column":30}},"17":{"start":{"line":36,"column":18},"end":{"line":36,"column":32}},"18":{"start":{"line":37,"column":27},"end":{"line":37,"column":44}},"19":{"start":{"line":38,"column":28},"end":{"line":38,"column":56}},"20":{"start":{"line":40,"column":4},"end":{"line":40,"column":33}},"21":{"start":{"line":41,"column":20},"end":{"line":41,"column":34}},"22":{"start":{"line":42,"column":19},"end":{"line":42,"column":34}},"23":{"start":{"line":43,"column":4},"end":{"line":43,"column":42}},"24":{"start":{"line":44,"column":4},"end":{"line":44,"column":24}},"25":{"start":{"line":46,"column":4},"end":{"line":70,"column":5}},"26":{"start":{"line":47,"column":24},"end":{"line":47,"column":52}},"27":{"start":{"line":49,"column":8},"end":{"line":51,"column":9}},"28":{"start":{"line":50,"column":12},"end":{"line":50,"column":55}},"29":{"start":{"line":53,"column":25},"end":{"line":59,"column":10}},"30":{"start":{"line":61,"column":8},"end":{"line":61,"column":39}},"31":{"start":{"line":63,"column":33},"end":{"line":63,"column":58}},"32":{"start":{"line":64,"column":8},"end":{"line":64,"column":45}},"33":{"start":{"line":66,"column":8},"end":{"line":66,"column":30}},"34":{"start":{"line":69,"column":8},"end":{"line":69,"column":32}},"35":{"start":{"line":74,"column":29},"end":{"line":118,"column":1}},"36":{"start":{"line":75,"column":4},"end":{"line":117,"column":5}},"37":{"start":{"line":77,"column":23},"end":{"line":77,"column":40}},"38":{"start":{"line":79,"column":28},"end":{"line":79,"column":67}},"39":{"start":{"line":81,"column":35},"end":{"line":81,"column":37}},"40":{"start":{"line":83,"column":8},"end":{"line":86,"column":9}},"41":{"start":{"line":83,"column":21},"end":{"line":83,"column":22}},"42":{"start":{"line":84,"column":12},"end":{"line":84,"column":51}},"43":{"start":{"line":85,"column":12},"end":{"line":85,"column":103}},"44":{"start":{"line":88,"column":8},"end":{"line":88,"column":71}},"45":{"start":{"line":91,"column":37},"end":{"line":91,"column":92}},"46":{"start":{"line":92,"column":8},"end":{"line":92,"column":47}},"47":{"start":{"line":93,"column":8},"end":{"line":93,"column":42}},"48":{"start":{"line":96,"column":31},"end":{"line":96,"column":75}},"49":{"start":{"line":97,"column":8},"end":{"line":97,"column":38}},"50":{"start":{"line":102,"column":39},"end":{"line":102,"column":41}},"51":{"start":{"line":104,"column":8},"end":{"line":109,"column":9}},"52":{"start":{"line":104,"column":21},"end":{"line":104,"column":22}},"53":{"start":{"line":105,"column":36},"end":{"line":105,"column":102}},"54":{"start":{"line":106,"column":44},"end":{"line":106,"column":104}},"55":{"start":{"line":107,"column":12},"end":{"line":107,"column":41}},"56":{"start":{"line":108,"column":12},"end":{"line":108,"column":129}},"57":{"start":{"line":111,"column":34},"end":{"line":111,"column":99}},"58":{"start":{"line":112,"column":8},"end":{"line":112,"column":65}},"59":{"start":{"line":113,"column":8},"end":{"line":113,"column":48}},"60":{"start":{"line":116,"column":8},"end":{"line":116,"column":32}},"61":{"start":{"line":120,"column":23},"end":{"line":151,"column":1}},"62":{"start":{"line":121,"column":23},"end":{"line":121,"column":42}},"63":{"start":{"line":122,"column":19},"end":{"line":122,"column":31}},"64":{"start":{"line":123,"column":22},"end":{"line":123,"column":40}},"65":{"start":{"line":125,"column":4},"end":{"line":125,"column":28}},"66":{"start":{"line":126,"column":4},"end":{"line":126,"column":24}},"67":{"start":{"line":127,"column":4},"end":{"line":127,"column":27}},"68":{"start":{"line":129,"column":4},"end":{"line":150,"column":5}},"69":{"start":{"line":130,"column":21},"end":{"line":130,"column":56}},"70":{"start":{"line":132,"column":8},"end":{"line":134,"column":9}},"71":{"start":{"line":133,"column":12},"end":{"line":133,"column":54}},"72":{"start":{"line":136,"column":8},"end":{"line":137,"column":34}},"73":{"start":{"line":139,"column":8},"end":{"line":141,"column":9}},"74":{"start":{"line":140,"column":12},"end":{"line":140,"column":99}},"75":{"start":{"line":143,"column":8},"end":{"line":146,"column":11}},"76":{"start":{"line":149,"column":8},"end":{"line":149,"column":32}},"77":{"start":{"line":153,"column":30},"end":{"line":168,"column":1}},"78":{"start":{"line":154,"column":19},"end":{"line":154,"column":36}},"79":{"start":{"line":156,"column":4},"end":{"line":167,"column":5}},"80":{"start":{"line":157,"column":31},"end":{"line":157,"column":89}},"81":{"start":{"line":159,"column":8},"end":{"line":162,"column":9}},"82":{"start":{"line":160,"column":12},"end":{"line":160,"column":37}},"83":{"start":{"line":161,"column":12},"end":{"line":161,"column":19}},"84":{"start":{"line":164,"column":8},"end":{"line":164,"column":45}},"85":{"start":{"line":166,"column":8},"end":{"line":166,"column":32}},"86":{"start":{"line":171,"column":0},"end":{"line":177,"column":2}}},"fnMap":{"0":{"name":"(anonymous_0)","decl":{"start":{"line":14,"column":20},"end":{"line":14,"column":21}},"loc":{"start":{"line":14,"column":46},"end":{"line":31,"column":1}},"line":14},"1":{"name":"(anonymous_1)","decl":{"start":{"line":33,"column":21},"end":{"line":33,"column":22}},"loc":{"start":{"line":33,"column":47},"end":{"line":71,"column":1}},"line":33},"2":{"name":"(anonymous_2)","decl":{"start":{"line":74,"column":29},"end":{"line":74,"column":30}},"loc":{"start":{"line":74,"column":55},"end":{"line":118,"column":1}},"line":74},"3":{"name":"(anonymous_3)","decl":{"start":{"line":120,"column":23},"end":{"line":120,"column":24}},"loc":{"start":{"line":120,"column":49},"end":{"line":151,"column":1}},"line":120},"4":{"name":"(anonymous_4)","decl":{"start":{"line":153,"column":30},"end":{"line":153,"column":31}},"loc":{"start":{"line":153,"column":56},"end":{"line":168,"column":1}},"line":153}},"branchMap":{"0":{"loc":{"start":{"line":22,"column":8},"end":{"line":24,"column":9}},"type":"if","locations":[{"start":{"line":22,"column":8},"end":{"line":24,"column":9}},{"start":{"line":22,"column":8},"end":{"line":24,"column":9}}],"line":22},"1":{"loc":{"start":{"line":49,"column":8},"end":{"line":51,"column":9}},"type":"if","locations":[{"start":{"line":49,"column":8},"end":{"line":51,"column":9}},{"start":{"line":49,"column":8},"end":{"line":51,"column":9}}],"line":49},"2":{"loc":{"start":{"line":132,"column":8},"end":{"line":134,"column":9}},"type":"if","locations":[{"start":{"line":132,"column":8},"end":{"line":134,"column":9}},{"start":{"line":132,"column":8},"end":{"line":134,"column":9}}],"line":132},"3":{"loc":{"start":{"line":139,"column":8},"end":{"line":141,"column":9}},"type":"if","locations":[{"start":{"line":139,"column":8},"end":{"line":141,"column":9}},{"start":{"line":139,"column":8},"end":{"line":141,"column":9}}],"line":139},"4":{"loc":{"start":{"line":159,"column":8},"end":{"line":162,"column":9}},"type":"if","locations":[{"start":{"line":159,"column":8},"end":{"line":162,"column":9}},{"start":{"line":159,"column":8},"end":{"line":162,"column":9}}],"line":159}},"s":{"0":2,"1":2,"2":2,"3":2,"4":2,"5":2,"6":2,"7":2,"8":2,"9":2,"10":2,"11":2,"12":1,"13":2,"14":0,"15":2,"16":2,"17":2,"18":2,"19":2,"20":2,"21":2,"22":2,"23":2,"24":2,"25":2,"26":2,"27":2,"28":1,"29":2,"30":2,"31":2,"32":2,"33":2,"34":2,"35":2,"36":0,"37":0,"38":0,"39":0,"40":0,"41":0,"42":0,"43":0,"44":0,"45":0,"46":0,"47":0,"48":0,"49":0,"50":0,"51":0,"52":0,"53":0,"54":0,"55":0,"56":0,"57":0,"58":0,"59":0,"60":0,"61":2,"62":4,"63":4,"64":4,"65":4,"66":4,"67":4,"68":4,"69":4,"70":4,"71":1,"72":4,"73":4,"74":3,"75":4,"76":0,"77":2,"78":2,"79":2,"80":2,"81":2,"82":1,"83":1,"84":1,"85":0,"86":2},"f":{"0":2,"1":2,"2":0,"3":4,"4":2},"b":{"0":[1,1],"1":[1,1],"2":[1,3],"3":[3,1],"4":[1,1]},"_coverageSchema":"43e27e138ebf9cfc5966b082cf9a028302ed4184","hash":"dc4c1e73f1163b7dbe78e9550490b5658a28c73a"}
,"/mnt/c/Users/johnb/Cpen321/Cpen321Project/rest-server/controller/search.js": {"path":"/mnt/c/Users/johnb/Cpen321/Cpen321Project/rest-server/controller/search.js","statementMap":{"0":{"start":{"line":1,"column":13},"end":{"line":1,"column":38}},"1":{"start":{"line":2,"column":17},"end":{"line":2,"column":47}},"2":{"start":{"line":3,"column":17},"end":{"line":3,"column":39}},"3":{"start":{"line":4,"column":17},"end":{"line":4,"column":40}},"4":{"start":{"line":5,"column":19},"end":{"line":5,"column":20}},"5":{"start":{"line":6,"column":21},"end":{"line":6,"column":53}},"6":{"start":{"line":8,"column":19},"end":{"line":15,"column":1}},"7":{"start":{"line":9,"column":4},"end":{"line":13,"column":5}},"8":{"start":{"line":9,"column":17},"end":{"line":9,"column":18}},"9":{"start":{"line":10,"column":8},"end":{"line":12,"column":9}},"10":{"start":{"line":11,"column":12},"end":{"line":11,"column":24}},"11":{"start":{"line":14,"column":4},"end":{"line":14,"column":17}},"12":{"start":{"line":17,"column":15},"end":{"line":57,"column":1}},"13":{"start":{"line":19,"column":25},"end":{"line":19,"column":43}},"14":{"start":{"line":20,"column":4},"end":{"line":20,"column":31}},"15":{"start":{"line":21,"column":4},"end":{"line":21,"column":30}},"16":{"start":{"line":23,"column":33},"end":{"line":23,"column":55}},"17":{"start":{"line":24,"column":4},"end":{"line":24,"column":38}},"18":{"start":{"line":26,"column":4},"end":{"line":56,"column":5}},"19":{"start":{"line":27,"column":29},"end":{"line":27,"column":93}},"20":{"start":{"line":29,"column":8},"end":{"line":31,"column":9}},"21":{"start":{"line":29,"column":21},"end":{"line":29,"column":22}},"22":{"start":{"line":30,"column":12},"end":{"line":30,"column":57}},"23":{"start":{"line":33,"column":23},"end":{"line":33,"column":25}},"24":{"start":{"line":34,"column":8},"end":{"line":47,"column":9}},"25":{"start":{"line":35,"column":12},"end":{"line":35,"column":66}},"26":{"start":{"line":37,"column":12},"end":{"line":46,"column":13}},"27":{"start":{"line":37,"column":25},"end":{"line":37,"column":26}},"28":{"start":{"line":38,"column":32},"end":{"line":38,"column":84}},"29":{"start":{"line":39,"column":38},"end":{"line":39,"column":56}},"30":{"start":{"line":40,"column":16},"end":{"line":40,"column":51}},"31":{"start":{"line":41,"column":16},"end":{"line":41,"column":50}},"32":{"start":{"line":43,"column":16},"end":{"line":45,"column":17}},"33":{"start":{"line":44,"column":20},"end":{"line":44,"column":49}},"34":{"start":{"line":49,"column":8},"end":{"line":49,"column":54}},"35":{"start":{"line":50,"column":8},"end":{"line":50,"column":46}},"36":{"start":{"line":51,"column":8},"end":{"line":51,"column":60}},"37":{"start":{"line":52,"column":8},"end":{"line":52,"column":75}},"38":{"start":{"line":55,"column":8},"end":{"line":55,"column":32}},"39":{"start":{"line":60,"column":0},"end":{"line":60,"column":24}}},"fnMap":{"0":{"name":"(anonymous_0)","decl":{"start":{"line":8,"column":19},"end":{"line":8,"column":20}},"loc":{"start":{"line":8,"column":31},"end":{"line":15,"column":1}},"line":8},"1":{"name":"(anonymous_1)","decl":{"start":{"line":17,"column":15},"end":{"line":17,"column":16}},"loc":{"start":{"line":17,"column":41},"end":{"line":57,"column":1}},"line":17}},"branchMap":{"0":{"loc":{"start":{"line":10,"column":8},"end":{"line":12,"column":9}},"type":"if","locations":[{"start":{"line":10,"column":8},"end":{"line":12,"column":9}},{"start":{"line":10,"column":8},"end":{"line":12,"column":9}}],"line":10},"1":{"loc":{"start":{"line":34,"column":8},"end":{"line":47,"column":9}},"type":"if","locations":[{"start":{"line":34,"column":8},"end":{"line":47,"column":9}},{"start":{"line":34,"column":8},"end":{"line":47,"column":9}}],"line":34},"2":{"loc":{"start":{"line":43,"column":16},"end":{"line":45,"column":17}},"type":"if","locations":[{"start":{"line":43,"column":16},"end":{"line":45,"column":17}},{"start":{"line":43,"column":16},"end":{"line":45,"column":17}}],"line":43}},"s":{"0":1,"1":1,"2":1,"3":1,"4":1,"5":1,"6":1,"7":0,"8":0,"9":0,"10":0,"11":0,"12":1,"13":2,"14":2,"15":2,"16":2,"17":2,"18":2,"19":2,"20":2,"21":2,"22":0,"23":2,"24":2,"25":0,"26":0,"27":0,"28":0,"29":0,"30":0,"31":0,"32":0,"33":0,"34":0,"35":0,"36":0,"37":0,"38":2,"39":1},"f":{"0":0,"1":2},"b":{"0":[0,0],"1":[0,0],"2":[0,0]},"_coverageSchema":"43e27e138ebf9cfc5966b082cf9a028302ed4184","hash":"962434653ca98ce7438f5356d3cd105d18d79e5e"}
,"/mnt/c/Users/johnb/Cpen321/Cpen321Project/rest-server/controller/user.js": {"path":"/mnt/c/Users/johnb/Cpen321/Cpen321Project/rest-server/controller/user.js","statementMap":{"0":{"start":{"line":1,"column":13},"end":{"line":1,"column":38}},"1":{"start":{"line":2,"column":15},"end":{"line":2,"column":34}},"2":{"start":{"line":3,"column":14},"end":{"line":3,"column":31}},"3":{"start":{"line":4,"column":33},"end":{"line":4,"column":65}},"4":{"start":{"line":5,"column":29},"end":{"line":5,"column":57}},"5":{"start":{"line":6,"column":20},"end":{"line":6,"column":43}},"6":{"start":{"line":7,"column":12},"end":{"line":7,"column":35}},"7":{"start":{"line":8,"column":17},"end":{"line":8,"column":40}},"8":{"start":{"line":9,"column":54},"end":{"line":9,"column":100}},"9":{"start":{"line":11,"column":27},"end":{"line":27,"column":1}},"10":{"start":{"line":12,"column":18},"end":{"line":17,"column":5}},"11":{"start":{"line":19,"column":4},"end":{"line":19,"column":39}},"12":{"start":{"line":20,"column":4},"end":{"line":20,"column":20}},"13":{"start":{"line":22,"column":4},"end":{"line":26,"column":6}},"14":{"start":{"line":30,"column":16},"end":{"line":64,"column":1}},"15":{"start":{"line":31,"column":24},"end":{"line":31,"column":32}},"16":{"start":{"line":33,"column":22},"end":{"line":33,"column":39}},"17":{"start":{"line":34,"column":21},"end":{"line":34,"column":41}},"18":{"start":{"line":35,"column":24},"end":{"line":35,"column":44}},"19":{"start":{"line":37,"column":4},"end":{"line":63,"column":5}},"20":{"start":{"line":39,"column":22},"end":{"line":39,"column":61}},"21":{"start":{"line":40,"column":28},"end":{"line":40,"column":72}},"22":{"start":{"line":41,"column":8},"end":{"line":41,"column":29}},"23":{"start":{"line":42,"column":8},"end":{"line":42,"column":35}},"24":{"start":{"line":44,"column":8},"end":{"line":58,"column":9}},"25":{"start":{"line":45,"column":12},"end":{"line":53,"column":15}},"26":{"start":{"line":55,"column":12},"end":{"line":55,"column":33}},"27":{"start":{"line":57,"column":12},"end":{"line":57,"column":55}},"28":{"start":{"line":60,"column":8},"end":{"line":60,"column":45}},"29":{"start":{"line":62,"column":8},"end":{"line":62,"column":30}},"30":{"start":{"line":66,"column":18},"end":{"line":86,"column":1}},"31":{"start":{"line":67,"column":22},"end":{"line":67,"column":36}},"32":{"start":{"line":68,"column":25},"end":{"line":68,"column":42}},"33":{"start":{"line":70,"column":4},"end":{"line":85,"column":5}},"34":{"start":{"line":71,"column":22},"end":{"line":71,"column":61}},"35":{"start":{"line":73,"column":8},"end":{"line":75,"column":9}},"36":{"start":{"line":74,"column":12},"end":{"line":74,"column":55}},"37":{"start":{"line":77,"column":8},"end":{"line":79,"column":9}},"38":{"start":{"line":78,"column":12},"end":{"line":78,"column":54}},"39":{"start":{"line":81,"column":8},"end":{"line":81,"column":45}},"40":{"start":{"line":84,"column":8},"end":{"line":84,"column":32}},"41":{"start":{"line":88,"column":16},"end":{"line":112,"column":1}},"42":{"start":{"line":89,"column":4},"end":{"line":111,"column":5}},"43":{"start":{"line":91,"column":19},"end":{"line":91,"column":36}},"44":{"start":{"line":92,"column":8},"end":{"line":92,"column":38}},"45":{"start":{"line":94,"column":19},"end":{"line":94,"column":42}},"46":{"start":{"line":96,"column":8},"end":{"line":98,"column":9}},"47":{"start":{"line":97,"column":12},"end":{"line":97,"column":55}},"48":{"start":{"line":100,"column":28},"end":{"line":100,"column":81}},"49":{"start":{"line":101,"column":22},"end":{"line":101,"column":37}},"50":{"start":{"line":102,"column":8},"end":{"line":102,"column":42}},"51":{"start":{"line":103,"column":8},"end":{"line":103,"column":34}},"52":{"start":{"line":105,"column":8},"end":{"line":105,"column":29}},"53":{"start":{"line":107,"column":8},"end":{"line":107,"column":38}},"54":{"start":{"line":110,"column":8},"end":{"line":110,"column":32}},"55":{"start":{"line":114,"column":19},"end":{"line":148,"column":1}},"56":{"start":{"line":116,"column":4},"end":{"line":147,"column":5}},"57":{"start":{"line":117,"column":28},"end":{"line":117,"column":45}},"58":{"start":{"line":118,"column":27},"end":{"line":118,"column":43}},"59":{"start":{"line":119,"column":23},"end":{"line":119,"column":40}},"60":{"start":{"line":120,"column":29},"end":{"line":120,"column":43}},"61":{"start":{"line":122,"column":19},"end":{"line":122,"column":46}},"62":{"start":{"line":124,"column":8},"end":{"line":126,"column":9}},"63":{"start":{"line":125,"column":12},"end":{"line":125,"column":55}},"64":{"start":{"line":128,"column":8},"end":{"line":128,"column":52}},"65":{"start":{"line":129,"column":8},"end":{"line":129,"column":54}},"66":{"start":{"line":130,"column":8},"end":{"line":130,"column":32}},"67":{"start":{"line":132,"column":8},"end":{"line":132,"column":36}},"68":{"start":{"line":133,"column":8},"end":{"line":133,"column":34}},"69":{"start":{"line":134,"column":8},"end":{"line":134,"column":34}},"70":{"start":{"line":136,"column":21},"end":{"line":136,"column":38}},"71":{"start":{"line":137,"column":28},"end":{"line":137,"column":85}},"72":{"start":{"line":138,"column":26},"end":{"line":138,"column":43}},"73":{"start":{"line":139,"column":8},"end":{"line":139,"column":44}},"74":{"start":{"line":141,"column":8},"end":{"line":141,"column":31}},"75":{"start":{"line":143,"column":8},"end":{"line":143,"column":40}},"76":{"start":{"line":146,"column":8},"end":{"line":146,"column":32}},"77":{"start":{"line":150,"column":19},"end":{"line":169,"column":1}},"78":{"start":{"line":151,"column":4},"end":{"line":151,"column":26}},"79":{"start":{"line":153,"column":31},"end":{"line":153,"column":54}},"80":{"start":{"line":154,"column":4},"end":{"line":154,"column":52}},"81":{"start":{"line":157,"column":4},"end":{"line":167,"column":5}},"82":{"start":{"line":158,"column":8},"end":{"line":158,"column":53}},"83":{"start":{"line":159,"column":21},"end":{"line":159,"column":42}},"84":{"start":{"line":161,"column":8},"end":{"line":161,"column":28}},"85":{"start":{"line":163,"column":8},"end":{"line":163,"column":44}},"86":{"start":{"line":166,"column":8},"end":{"line":166,"column":32}},"87":{"start":{"line":171,"column":13},"end":{"line":217,"column":1}},"88":{"start":{"line":172,"column":25},"end":{"line":172,"column":48}},"89":{"start":{"line":173,"column":19},"end":{"line":173,"column":31}},"90":{"start":{"line":174,"column":19},"end":{"line":174,"column":34}},"91":{"start":{"line":176,"column":4},"end":{"line":176,"column":30}},"92":{"start":{"line":177,"column":4},"end":{"line":177,"column":24}},"93":{"start":{"line":179,"column":4},"end":{"line":216,"column":5}},"94":{"start":{"line":180,"column":27},"end":{"line":180,"column":60}},"95":{"start":{"line":181,"column":26},"end":{"line":181,"column":53}},"96":{"start":{"line":183,"column":8},"end":{"line":185,"column":9}},"97":{"start":{"line":184,"column":12},"end":{"line":184,"column":54}},"98":{"start":{"line":187,"column":21},"end":{"line":190,"column":24}},"99":{"start":{"line":193,"column":8},"end":{"line":199,"column":9}},"100":{"start":{"line":194,"column":12},"end":{"line":194,"column":59}},"101":{"start":{"line":196,"column":12},"end":{"line":198,"column":30}},"102":{"start":{"line":201,"column":26},"end":{"line":203,"column":24}},"103":{"start":{"line":202,"column":12},"end":{"line":202,"column":50}},"104":{"start":{"line":205,"column":8},"end":{"line":205,"column":41}},"105":{"start":{"line":207,"column":26},"end":{"line":207,"column":67}},"106":{"start":{"line":208,"column":8},"end":{"line":208,"column":34}},"107":{"start":{"line":210,"column":8},"end":{"line":210,"column":28}},"108":{"start":{"line":212,"column":8},"end":{"line":212,"column":37}},"109":{"start":{"line":215,"column":8},"end":{"line":215,"column":32}},"110":{"start":{"line":219,"column":15},"end":{"line":245,"column":1}},"111":{"start":{"line":220,"column":28},"end":{"line":220,"column":54}},"112":{"start":{"line":221,"column":19},"end":{"line":221,"column":31}},"113":{"start":{"line":223,"column":4},"end":{"line":223,"column":56}},"114":{"start":{"line":224,"column":4},"end":{"line":224,"column":46}},"115":{"start":{"line":226,"column":4},"end":{"line":244,"column":5}},"116":{"start":{"line":227,"column":30},"end":{"line":227,"column":66}},"117":{"start":{"line":228,"column":29},"end":{"line":228,"column":56}},"118":{"start":{"line":230,"column":8},"end":{"line":232,"column":9}},"119":{"start":{"line":231,"column":12},"end":{"line":231,"column":54}},"120":{"start":{"line":234,"column":21},"end":{"line":234,"column":90}},"121":{"start":{"line":236,"column":8},"end":{"line":238,"column":9}},"122":{"start":{"line":237,"column":12},"end":{"line":237,"column":120}},"123":{"start":{"line":240,"column":8},"end":{"line":240,"column":37}},"124":{"start":{"line":243,"column":8},"end":{"line":243,"column":32}},"125":{"start":{"line":247,"column":24},"end":{"line":256,"column":1}},"126":{"start":{"line":258,"column":0},"end":{"line":258,"column":33}}},"fnMap":{"0":{"name":"(anonymous_0)","decl":{"start":{"line":11,"column":27},"end":{"line":11,"column":28}},"loc":{"start":{"line":11,"column":40},"end":{"line":27,"column":1}},"line":11},"1":{"name":"(anonymous_1)","decl":{"start":{"line":30,"column":16},"end":{"line":30,"column":17}},"loc":{"start":{"line":30,"column":42},"end":{"line":64,"column":1}},"line":30},"2":{"name":"(anonymous_2)","decl":{"start":{"line":66,"column":18},"end":{"line":66,"column":19}},"loc":{"start":{"line":66,"column":44},"end":{"line":86,"column":1}},"line":66},"3":{"name":"(anonymous_3)","decl":{"start":{"line":88,"column":16},"end":{"line":88,"column":17}},"loc":{"start":{"line":88,"column":42},"end":{"line":112,"column":1}},"line":88},"4":{"name":"(anonymous_4)","decl":{"start":{"line":114,"column":19},"end":{"line":114,"column":20}},"loc":{"start":{"line":114,"column":45},"end":{"line":148,"column":1}},"line":114},"5":{"name":"(anonymous_5)","decl":{"start":{"line":150,"column":19},"end":{"line":150,"column":20}},"loc":{"start":{"line":150,"column":45},"end":{"line":169,"column":1}},"line":150},"6":{"name":"(anonymous_6)","decl":{"start":{"line":171,"column":13},"end":{"line":171,"column":14}},"loc":{"start":{"line":171,"column":39},"end":{"line":217,"column":1}},"line":171},"7":{"name":"(anonymous_7)","decl":{"start":{"line":201,"column":54},"end":{"line":201,"column":55}},"loc":{"start":{"line":201,"column":64},"end":{"line":203,"column":9}},"line":201},"8":{"name":"(anonymous_8)","decl":{"start":{"line":219,"column":15},"end":{"line":219,"column":16}},"loc":{"start":{"line":219,"column":41},"end":{"line":245,"column":1}},"line":219}},"branchMap":{"0":{"loc":{"start":{"line":44,"column":8},"end":{"line":58,"column":9}},"type":"if","locations":[{"start":{"line":44,"column":8},"end":{"line":58,"column":9}},{"start":{"line":44,"column":8},"end":{"line":58,"column":9}}],"line":44},"1":{"loc":{"start":{"line":44,"column":12},"end":{"line":44,"column":54}},"type":"binary-expr","locations":[{"start":{"line":44,"column":12},"end":{"line":44,"column":28}},{"start":{"line":44,"column":32},"end":{"line":44,"column":54}}],"line":44},"2":{"loc":{"start":{"line":73,"column":8},"end":{"line":75,"column":9}},"type":"if","locations":[{"start":{"line":73,"column":8},"end":{"line":75,"column":9}},{"start":{"line":73,"column":8},"end":{"line":75,"column":9}}],"line":73},"3":{"loc":{"start":{"line":77,"column":8},"end":{"line":79,"column":9}},"type":"if","locations":[{"start":{"line":77,"column":8},"end":{"line":79,"column":9}},{"start":{"line":77,"column":8},"end":{"line":79,"column":9}}],"line":77},"4":{"loc":{"start":{"line":96,"column":8},"end":{"line":98,"column":9}},"type":"if","locations":[{"start":{"line":96,"column":8},"end":{"line":98,"column":9}},{"start":{"line":96,"column":8},"end":{"line":98,"column":9}}],"line":96},"5":{"loc":{"start":{"line":124,"column":8},"end":{"line":126,"column":9}},"type":"if","locations":[{"start":{"line":124,"column":8},"end":{"line":126,"column":9}},{"start":{"line":124,"column":8},"end":{"line":126,"column":9}}],"line":124},"6":{"loc":{"start":{"line":183,"column":8},"end":{"line":185,"column":9}},"type":"if","locations":[{"start":{"line":183,"column":8},"end":{"line":185,"column":9}},{"start":{"line":183,"column":8},"end":{"line":185,"column":9}}],"line":183},"7":{"loc":{"start":{"line":183,"column":12},"end":{"line":183,"column":51}},"type":"binary-expr","locations":[{"start":{"line":183,"column":12},"end":{"line":183,"column":30}},{"start":{"line":183,"column":34},"end":{"line":183,"column":51}}],"line":183},"8":{"loc":{"start":{"line":193,"column":8},"end":{"line":199,"column":9}},"type":"if","locations":[{"start":{"line":193,"column":8},"end":{"line":199,"column":9}},{"start":{"line":193,"column":8},"end":{"line":199,"column":9}}],"line":193},"9":{"loc":{"start":{"line":230,"column":8},"end":{"line":232,"column":9}},"type":"if","locations":[{"start":{"line":230,"column":8},"end":{"line":232,"column":9}},{"start":{"line":230,"column":8},"end":{"line":232,"column":9}}],"line":230},"10":{"loc":{"start":{"line":230,"column":12},"end":{"line":230,"column":57}},"type":"binary-expr","locations":[{"start":{"line":230,"column":12},"end":{"line":230,"column":33}},{"start":{"line":230,"column":37},"end":{"line":230,"column":57}}],"line":230},"11":{"loc":{"start":{"line":236,"column":8},"end":{"line":238,"column":9}},"type":"if","locations":[{"start":{"line":236,"column":8},"end":{"line":238,"column":9}},{"start":{"line":236,"column":8},"end":{"line":238,"column":9}}],"line":236}},"s":{"0":1,"1":1,"2":1,"3":1,"4":1,"5":1,"6":1,"7":1,"8":1,"9":1,"10":5,"11":5,"12":5,"13":5,"14":1,"15":2,"16":2,"17":2,"18":2,"19":2,"20":2,"21":2,"22":2,"23":2,"24":2,"25":1,"26":1,"27":1,"28":2,"29":0,"30":1,"31":3,"32":3,"33":3,"34":3,"35":3,"36":1,"37":3,"38":1,"39":2,"40":1,"41":1,"42":2,"43":2,"44":2,"45":2,"46":2,"47":1,"48":2,"49":2,"50":1,"51":1,"52":1,"53":1,"54":1,"55":1,"56":6,"57":6,"58":6,"59":6,"60":6,"61":6,"62":6,"63":1,"64":6,"65":6,"66":6,"67":6,"68":5,"69":5,"70":5,"71":5,"72":5,"73":5,"74":5,"75":5,"76":1,"77":1,"78":1,"79":1,"80":1,"81":1,"82":1,"83":1,"84":1,"85":1,"86":0,"87":1,"88":9,"89":9,"90":9,"91":9,"92":9,"93":9,"94":9,"95":9,"96":9,"97":2,"98":9,"99":9,"100":7,"101":7,"102":9,"103":9,"104":8,"105":8,"106":8,"107":8,"108":8,"109":1,"110":1,"111":7,"112":7,"113":7,"114":7,"115":7,"116":7,"117":6,"118":6,"119":1,"120":6,"121":6,"122":5,"123":6,"124":1,"125":1,"126":1},"f":{"0":5,"1":2,"2":3,"3":2,"4":6,"5":1,"6":9,"7":9,"8":7},"b":{"0":[1,1],"1":[2,1],"2":[1,2],"3":[1,1],"4":[1,1],"5":[1,5],"6":[2,7],"7":[9,8],"8":[7,2],"9":[1,5],"10":[6,6],"11":[5,1]},"_coverageSchema":"43e27e138ebf9cfc5966b082cf9a028302ed4184","hash":"917e7d9ebbab137b27a16fe883373cab3e299537"}
,"/mnt/c/Users/johnb/Cpen321/Cpen321Project/rest-server/schema/answers.js": {"path":"/mnt/c/Users/johnb/Cpen321/Cpen321Project/rest-server/schema/answers.js","statementMap":{"0":{"start":{"line":1,"column":17},"end":{"line":1,"column":36}},"1":{"start":{"line":2,"column":15},"end":{"line":2,"column":30}},"2":{"start":{"line":4,"column":21},"end":{"line":29,"column":2}},"3":{"start":{"line":31,"column":0},"end":{"line":31,"column":56}}},"fnMap":{},"branchMap":{},"s":{"0":5,"1":5,"2":5,"3":5},"f":{},"b":{},"_coverageSchema":"43e27e138ebf9cfc5966b082cf9a028302ed4184","hash":"505e1c1c50056f2b69488e963f838bd2731ee67c"}
,"/mnt/c/Users/johnb/Cpen321/Cpen321Project/rest-server/schema/questions.js": {"path":"/mnt/c/Users/johnb/Cpen321/Cpen321Project/rest-server/schema/questions.js","statementMap":{"0":{"start":{"line":1,"column":17},"end":{"line":1,"column":36}},"1":{"start":{"line":2,"column":15},"end":{"line":2,"column":30}},"2":{"start":{"line":4,"column":23},"end":{"line":50,"column":2}},"3":{"start":{"line":55,"column":0},"end":{"line":57,"column":1}},"4":{"start":{"line":56,"column":4},"end":{"line":56,"column":39}},"5":{"start":{"line":62,"column":0},"end":{"line":74,"column":1}},"6":{"start":{"line":64,"column":23},"end":{"line":64,"column":25}},"7":{"start":{"line":65,"column":4},"end":{"line":71,"column":5}},"8":{"start":{"line":65,"column":17},"end":{"line":65,"column":18}},"9":{"start":{"line":68,"column":26},"end":{"line":68,"column":96}},"10":{"start":{"line":70,"column":8},"end":{"line":70,"column":39}},"11":{"start":{"line":73,"column":4},"end":{"line":73,"column":24}},"12":{"start":{"line":79,"column":0},"end":{"line":82,"column":1}},"13":{"start":{"line":80,"column":17},"end":{"line":80,"column":57}},"14":{"start":{"line":81,"column":4},"end":{"line":81,"column":18}},"15":{"start":{"line":87,"column":0},"end":{"line":89,"column":1}},"16":{"start":{"line":88,"column":4},"end":{"line":88,"column":62}},"17":{"start":{"line":91,"column":0},"end":{"line":91,"column":60}}},"fnMap":{"0":{"name":"(anonymous_0)","decl":{"start":{"line":55,"column":32},"end":{"line":55,"column":33}},"loc":{"start":{"line":55,"column":49},"end":{"line":57,"column":1}},"line":55},"1":{"name":"(anonymous_1)","decl":{"start":{"line":62,"column":35},"end":{"line":62,"column":36}},"loc":{"start":{"line":62,"column":61},"end":{"line":74,"column":1}},"line":62},"2":{"name":"(anonymous_2)","decl":{"start":{"line":79,"column":36},"end":{"line":79,"column":37}},"loc":{"start":{"line":79,"column":53},"end":{"line":82,"column":1}},"line":79},"3":{"name":"(anonymous_3)","decl":{"start":{"line":87,"column":46},"end":{"line":87,"column":47}},"loc":{"start":{"line":87,"column":63},"end":{"line":89,"column":1}},"line":87}},"branchMap":{},"s":{"0":5,"1":5,"2":5,"3":5,"4":12,"5":5,"6":0,"7":0,"8":0,"9":0,"10":0,"11":0,"12":5,"13":0,"14":0,"15":5,"16":0,"17":5},"f":{"0":12,"1":0,"2":0,"3":0},"b":{},"_coverageSchema":"43e27e138ebf9cfc5966b082cf9a028302ed4184","hash":"622906374818eda9817a7e575e48ff6f385b44a6"}
,"/mnt/c/Users/johnb/Cpen321/Cpen321Project/rest-server/schema/user.js": {"path":"/mnt/c/Users/johnb/Cpen321/Cpen321Project/rest-server/schema/user.js","statementMap":{"0":{"start":{"line":1,"column":17},"end":{"line":1,"column":36}},"1":{"start":{"line":2,"column":15},"end":{"line":2,"column":30}},"2":{"start":{"line":4,"column":19},"end":{"line":86,"column":1}},"3":{"start":{"line":89,"column":0},"end":{"line":89,"column":52}}},"fnMap":{},"branchMap":{},"s":{"0":5,"1":5,"2":5,"3":5},"f":{},"b":{},"_coverageSchema":"43e27e138ebf9cfc5966b082cf9a028302ed4184","hash":"50f634b922996aa6dfda918485849d0898c49009"}
,"/mnt/c/Users/johnb/Cpen321/Cpen321Project/rest-server/utils/lg.js": {"path":"/mnt/c/Users/johnb/Cpen321/Cpen321Project/rest-server/utils/lg.js","statementMap":{"0":{"start":{"line":1,"column":17},"end":{"line":45,"column":1}},"1":{"start":{"line":2,"column":18},"end":{"line":25,"column":5}},"2":{"start":{"line":28,"column":4},"end":{"line":36,"column":5}},"3":{"start":{"line":28,"column":17},"end":{"line":28,"column":18}},"4":{"start":{"line":29,"column":8},"end":{"line":33,"column":9}},"5":{"start":{"line":30,"column":12},"end":{"line":30,"column":62}},"6":{"start":{"line":32,"column":12},"end":{"line":32,"column":62}},"7":{"start":{"line":35,"column":8},"end":{"line":35,"column":58}},"8":{"start":{"line":38,"column":4},"end":{"line":38,"column":54}},"9":{"start":{"line":40,"column":4},"end":{"line":42,"column":7}},"10":{"start":{"line":41,"column":8},"end":{"line":41,"column":44}},"11":{"start":{"line":44,"column":4},"end":{"line":44,"column":18}},"12":{"start":{"line":48,"column":0},"end":{"line":48,"column":26}}},"fnMap":{"0":{"name":"(anonymous_0)","decl":{"start":{"line":1,"column":17},"end":{"line":1,"column":18}},"loc":{"start":{"line":1,"column":29},"end":{"line":45,"column":1}},"line":1},"1":{"name":"(anonymous_1)","decl":{"start":{"line":40,"column":38},"end":{"line":40,"column":39}},"loc":{"start":{"line":40,"column":59},"end":{"line":42,"column":5}},"line":40}},"branchMap":{"0":{"loc":{"start":{"line":29,"column":8},"end":{"line":33,"column":9}},"type":"if","locations":[{"start":{"line":29,"column":8},"end":{"line":33,"column":9}},{"start":{"line":29,"column":8},"end":{"line":33,"column":9}}],"line":29},"1":{"loc":{"start":{"line":29,"column":12},"end":{"line":29,"column":28}},"type":"binary-expr","locations":[{"start":{"line":29,"column":12},"end":{"line":29,"column":18}},{"start":{"line":29,"column":22},"end":{"line":29,"column":28}}],"line":29}},"s":{"0":4,"1":6,"2":6,"3":6,"4":132,"5":132,"6":0,"7":132,"8":6,"9":6,"10":14,"11":6,"12":4},"f":{"0":6,"1":14},"b":{"0":[132,0],"1":[132,102]},"_coverageSchema":"43e27e138ebf9cfc5966b082cf9a028302ed4184","hash":"1d9cc64fbf7861497cc4239804409a1bbc4a7616"}
,"/mnt/c/Users/johnb/Cpen321/Cpen321Project/rest-server/utils/suggestions/cosineSimilarity.js": {"path":"/mnt/c/Users/johnb/Cpen321/Cpen321Project/rest-server/utils/suggestions/cosineSimilarity.js","statementMap":{"0":{"start":{"line":3,"column":24},"end":{"line":10,"column":1}},"1":{"start":{"line":4,"column":22},"end":{"line":4,"column":28}},"2":{"start":{"line":5,"column":4},"end":{"line":7,"column":5}},"3":{"start":{"line":5,"column":17},"end":{"line":5,"column":18}},"4":{"start":{"line":6,"column":8},"end":{"line":6,"column":26}},"5":{"start":{"line":9,"column":4},"end":{"line":9,"column":21}},"6":{"start":{"line":12,"column":32},"end":{"line":24,"column":1}},"7":{"start":{"line":13,"column":16},"end":{"line":13,"column":17}},"8":{"start":{"line":13,"column":31},"end":{"line":13,"column":32}},"9":{"start":{"line":13,"column":46},"end":{"line":13,"column":47}},"10":{"start":{"line":15,"column":4},"end":{"line":21,"column":5}},"11":{"start":{"line":15,"column":17},"end":{"line":15,"column":18}},"12":{"start":{"line":16,"column":16},"end":{"line":16,"column":21}},"13":{"start":{"line":17,"column":16},"end":{"line":17,"column":21}},"14":{"start":{"line":18,"column":8},"end":{"line":18,"column":21}},"15":{"start":{"line":19,"column":8},"end":{"line":19,"column":21}},"16":{"start":{"line":20,"column":8},"end":{"line":20,"column":21}},"17":{"start":{"line":23,"column":4},"end":{"line":23,"column":40}},"18":{"start":{"line":26,"column":28},"end":{"line":41,"column":1}},"19":{"start":{"line":30,"column":4},"end":{"line":32,"column":5}},"20":{"start":{"line":31,"column":8},"end":{"line":31,"column":17}},"21":{"start":{"line":34,"column":4},"end":{"line":40,"column":5}},"22":{"start":{"line":35,"column":8},"end":{"line":35,"column":70}},"23":{"start":{"line":36,"column":8},"end":{"line":36,"column":61}},"24":{"start":{"line":38,"column":8},"end":{"line":38,"column":70}},"25":{"start":{"line":39,"column":8},"end":{"line":39,"column":61}},"26":{"start":{"line":43,"column":0},"end":{"line":43,"column":37}}},"fnMap":{"0":{"name":"(anonymous_0)","decl":{"start":{"line":3,"column":24},"end":{"line":3,"column":25}},"loc":{"start":{"line":3,"column":44},"end":{"line":10,"column":1}},"line":3},"1":{"name":"(anonymous_1)","decl":{"start":{"line":12,"column":32},"end":{"line":12,"column":33}},"loc":{"start":{"line":12,"column":44},"end":{"line":24,"column":1}},"line":12},"2":{"name":"(anonymous_2)","decl":{"start":{"line":26,"column":28},"end":{"line":26,"column":29}},"loc":{"start":{"line":26,"column":40},"end":{"line":41,"column":1}},"line":26}},"branchMap":{"0":{"loc":{"start":{"line":30,"column":4},"end":{"line":32,"column":5}},"type":"if","locations":[{"start":{"line":30,"column":4},"end":{"line":32,"column":5}},{"start":{"line":30,"column":4},"end":{"line":32,"column":5}}],"line":30},"1":{"loc":{"start":{"line":30,"column":8},"end":{"line":30,"column":42}},"type":"binary-expr","locations":[{"start":{"line":30,"column":8},"end":{"line":30,"column":23}},{"start":{"line":30,"column":27},"end":{"line":30,"column":42}}],"line":30},"2":{"loc":{"start":{"line":34,"column":4},"end":{"line":40,"column":5}},"type":"if","locations":[{"start":{"line":34,"column":4},"end":{"line":40,"column":5}},{"start":{"line":34,"column":4},"end":{"line":40,"column":5}}],"line":34}},"s":{"0":5,"1":13,"2":13,"3":13,"4":7,"5":13,"6":5,"7":13,"8":13,"9":13,"10":13,"11":13,"12":53,"13":53,"14":53,"15":53,"16":53,"17":13,"18":5,"19":15,"20":2,"21":13,"22":4,"23":4,"24":9,"25":9,"26":5},"f":{"0":13,"1":13,"2":15},"b":{"0":[2,13],"1":[15,13],"2":[4,9]},"_coverageSchema":"43e27e138ebf9cfc5966b082cf9a028302ed4184","hash":"cd551ffaee5a0b15b4492aed95b6b02d88bc6303"}
,"/mnt/c/Users/johnb/Cpen321/Cpen321Project/rest-server/utils/suggestions/questionHelper.js": {"path":"/mnt/c/Users/johnb/Cpen321/Cpen321Project/rest-server/utils/suggestions/questionHelper.js","statementMap":{"0":{"start":{"line":1,"column":17},"end":{"line":1,"column":50}},"1":{"start":{"line":2,"column":13},"end":{"line":2,"column":41}},"2":{"start":{"line":3,"column":17},"end":{"line":3,"column":43}},"3":{"start":{"line":4,"column":28},"end":{"line":4,"column":70}},"4":{"start":{"line":5,"column":32},"end":{"line":5,"column":35}},"5":{"start":{"line":6,"column":21},"end":{"line":6,"column":22}},"6":{"start":{"line":7,"column":29},"end":{"line":7,"column":40}},"7":{"start":{"line":7,"column":36},"end":{"line":7,"column":39}},"8":{"start":{"line":8,"column":35},"end":{"line":8,"column":36}},"9":{"start":{"line":15,"column":27},"end":{"line":30,"column":1}},"10":{"start":{"line":16,"column":4},"end":{"line":29,"column":5}},"11":{"start":{"line":17,"column":28},"end":{"line":17,"column":93}},"12":{"start":{"line":20,"column":8},"end":{"line":22,"column":9}},"13":{"start":{"line":21,"column":12},"end":{"line":21,"column":32}},"14":{"start":{"line":24,"column":8},"end":{"line":24,"column":46}},"15":{"start":{"line":27,"column":8},"end":{"line":27,"column":47}},"16":{"start":{"line":28,"column":8},"end":{"line":28,"column":57}},"17":{"start":{"line":37,"column":28},"end":{"line":70,"column":1}},"18":{"start":{"line":40,"column":4},"end":{"line":40,"column":28}},"19":{"start":{"line":42,"column":20},"end":{"line":42,"column":22}},"20":{"start":{"line":42,"column":37},"end":{"line":42,"column":39}},"21":{"start":{"line":43,"column":27},"end":{"line":43,"column":29}},"22":{"start":{"line":45,"column":4},"end":{"line":53,"column":5}},"23":{"start":{"line":45,"column":17},"end":{"line":45,"column":18}},"24":{"start":{"line":46,"column":8},"end":{"line":51,"column":9}},"25":{"start":{"line":47,"column":12},"end":{"line":47,"column":59}},"26":{"start":{"line":48,"column":12},"end":{"line":48,"column":30}},"27":{"start":{"line":50,"column":12},"end":{"line":50,"column":56}},"28":{"start":{"line":52,"column":8},"end":{"line":52,"column":35}},"29":{"start":{"line":55,"column":4},"end":{"line":59,"column":5}},"30":{"start":{"line":55,"column":17},"end":{"line":55,"column":18}},"31":{"start":{"line":56,"column":8},"end":{"line":58,"column":47}},"32":{"start":{"line":61,"column":4},"end":{"line":63,"column":5}},"33":{"start":{"line":62,"column":8},"end":{"line":62,"column":18}},"34":{"start":{"line":65,"column":4},"end":{"line":67,"column":7}},"35":{"start":{"line":66,"column":8},"end":{"line":66,"column":42}},"36":{"start":{"line":69,"column":4},"end":{"line":69,"column":50}},"37":{"start":{"line":78,"column":22},"end":{"line":93,"column":1}},"38":{"start":{"line":80,"column":23},"end":{"line":80,"column":31}},"39":{"start":{"line":81,"column":26},"end":{"line":81,"column":28}},"40":{"start":{"line":82,"column":4},"end":{"line":82,"column":20}},"41":{"start":{"line":84,"column":4},"end":{"line":90,"column":5}},"42":{"start":{"line":84,"column":17},"end":{"line":84,"column":18}},"43":{"start":{"line":85,"column":22},"end":{"line":85,"column":72}},"44":{"start":{"line":85,"column":45},"end":{"line":85,"column":71}},"45":{"start":{"line":87,"column":8},"end":{"line":89,"column":9}},"46":{"start":{"line":88,"column":12},"end":{"line":88,"column":46}},"47":{"start":{"line":92,"column":4},"end":{"line":92,"column":27}},"48":{"start":{"line":101,"column":27},"end":{"line":125,"column":1}},"49":{"start":{"line":102,"column":27},"end":{"line":102,"column":29}},"50":{"start":{"line":103,"column":29},"end":{"line":103,"column":67}},"51":{"start":{"line":103,"column":62},"end":{"line":103,"column":66}},"52":{"start":{"line":104,"column":4},"end":{"line":104,"column":34}},"53":{"start":{"line":105,"column":4},"end":{"line":122,"column":5}},"54":{"start":{"line":105,"column":17},"end":{"line":105,"column":18}},"55":{"start":{"line":108,"column":26},"end":{"line":108,"column":89}},"56":{"start":{"line":108,"column":84},"end":{"line":108,"column":88}},"57":{"start":{"line":109,"column":8},"end":{"line":109,"column":53}},"58":{"start":{"line":110,"column":33},"end":{"line":110,"column":81}},"59":{"start":{"line":111,"column":8},"end":{"line":111,"column":68}},"60":{"start":{"line":113,"column":8},"end":{"line":117,"column":9}},"61":{"start":{"line":116,"column":12},"end":{"line":116,"column":65}},"62":{"start":{"line":119,"column":8},"end":{"line":121,"column":9}},"63":{"start":{"line":120,"column":12},"end":{"line":120,"column":34}},"64":{"start":{"line":124,"column":4},"end":{"line":124,"column":26}},"65":{"start":{"line":127,"column":0},"end":{"line":135,"column":1}},"66":{"start":{"line":155,"column":17},"end":{"line":155,"column":138}},"67":{"start":{"line":156,"column":30},"end":{"line":156,"column":189}},"68":{"start":{"line":158,"column":13},"end":{"line":158,"column":63}},"69":{"start":{"line":159,"column":0},"end":{"line":159,"column":20}}},"fnMap":{"0":{"name":"(anonymous_0)","decl":{"start":{"line":7,"column":29},"end":{"line":7,"column":30}},"loc":{"start":{"line":7,"column":36},"end":{"line":7,"column":39}},"line":7},"1":{"name":"(anonymous_1)","decl":{"start":{"line":15,"column":27},"end":{"line":15,"column":28}},"loc":{"start":{"line":15,"column":64},"end":{"line":30,"column":1}},"line":15},"2":{"name":"(anonymous_2)","decl":{"start":{"line":37,"column":28},"end":{"line":37,"column":29}},"loc":{"start":{"line":37,"column":63},"end":{"line":70,"column":1}},"line":37},"3":{"name":"(anonymous_3)","decl":{"start":{"line":65,"column":26},"end":{"line":65,"column":27}},"loc":{"start":{"line":65,"column":36},"end":{"line":67,"column":5}},"line":65},"4":{"name":"(anonymous_4)","decl":{"start":{"line":78,"column":22},"end":{"line":78,"column":23}},"loc":{"start":{"line":78,"column":49},"end":{"line":93,"column":1}},"line":78},"5":{"name":"(anonymous_5)","decl":{"start":{"line":85,"column":39},"end":{"line":85,"column":40}},"loc":{"start":{"line":85,"column":45},"end":{"line":85,"column":71}},"line":85},"6":{"name":"(anonymous_6)","decl":{"start":{"line":101,"column":27},"end":{"line":101,"column":28}},"loc":{"start":{"line":101,"column":60},"end":{"line":125,"column":1}},"line":101},"7":{"name":"(anonymous_7)","decl":{"start":{"line":103,"column":50},"end":{"line":103,"column":51}},"loc":{"start":{"line":103,"column":62},"end":{"line":103,"column":66}},"line":103},"8":{"name":"(anonymous_8)","decl":{"start":{"line":108,"column":70},"end":{"line":108,"column":71}},"loc":{"start":{"line":108,"column":84},"end":{"line":108,"column":88}},"line":108}},"branchMap":{"0":{"loc":{"start":{"line":20,"column":8},"end":{"line":22,"column":9}},"type":"if","locations":[{"start":{"line":20,"column":8},"end":{"line":22,"column":9}},{"start":{"line":20,"column":8},"end":{"line":22,"column":9}}],"line":20},"1":{"loc":{"start":{"line":46,"column":8},"end":{"line":51,"column":9}},"type":"if","locations":[{"start":{"line":46,"column":8},"end":{"line":51,"column":9}},{"start":{"line":46,"column":8},"end":{"line":51,"column":9}}],"line":46},"2":{"loc":{"start":{"line":61,"column":4},"end":{"line":63,"column":5}},"type":"if","locations":[{"start":{"line":61,"column":4},"end":{"line":63,"column":5}},{"start":{"line":61,"column":4},"end":{"line":63,"column":5}}],"line":61},"3":{"loc":{"start":{"line":66,"column":15},"end":{"line":66,"column":41}},"type":"cond-expr","locations":[{"start":{"line":66,"column":35},"end":{"line":66,"column":36}},{"start":{"line":66,"column":39},"end":{"line":66,"column":41}}],"line":66},"4":{"loc":{"start":{"line":87,"column":8},"end":{"line":89,"column":9}},"type":"if","locations":[{"start":{"line":87,"column":8},"end":{"line":89,"column":9}},{"start":{"line":87,"column":8},"end":{"line":89,"column":9}}],"line":87},"5":{"loc":{"start":{"line":113,"column":8},"end":{"line":117,"column":9}},"type":"if","locations":[{"start":{"line":113,"column":8},"end":{"line":117,"column":9}},{"start":{"line":113,"column":8},"end":{"line":117,"column":9}}],"line":113},"6":{"loc":{"start":{"line":119,"column":8},"end":{"line":121,"column":9}},"type":"if","locations":[{"start":{"line":119,"column":8},"end":{"line":121,"column":9}},{"start":{"line":119,"column":8},"end":{"line":121,"column":9}}],"line":119}},"s":{"0":4,"1":4,"2":4,"3":4,"4":4,"5":4,"6":4,"7":10,"8":4,"9":4,"10":12,"11":12,"12":12,"13":3,"14":12,"15":0,"16":0,"17":4,"18":5,"19":5,"20":5,"21":5,"22":5,"23":5,"24":28,"25":14,"26":14,"27":14,"28":28,"29":5,"30":5,"31":14,"32":5,"33":1,"34":4,"35":16,"36":4,"37":4,"38":4,"39":4,"40":4,"41":4,"42":4,"43":16,"44":19,"45":16,"46":6,"47":4,"48":4,"49":8,"50":8,"51":32,"52":8,"53":8,"54":8,"55":10,"56":36,"57":10,"58":10,"59":10,"60":10,"61":10,"62":10,"63":0,"64":8,"65":4,"66":4,"67":4,"68":4,"69":4},"f":{"0":10,"1":12,"2":5,"3":16,"4":4,"5":19,"6":8,"7":32,"8":36},"b":{"0":[3,9],"1":[14,14],"2":[1,4],"3":[6,10],"4":[6,10],"5":[10,0],"6":[0,10]},"_coverageSchema":"43e27e138ebf9cfc5966b082cf9a028302ed4184","hash":"081c5d9d47af45c1e8a426d495d1df1ffc4385bf"}
,"/mnt/c/Users/johnb/Cpen321/Cpen321Project/tests/mongoose-mock-data.js": {"path":"/mnt/c/Users/johnb/Cpen321/Cpen321Project/tests/mongoose-mock-data.js","statementMap":{"0":{"start":{"line":1,"column":17},"end":{"line":1,"column":36}},"1":{"start":{"line":2,"column":17},"end":{"line":2,"column":59}},"2":{"start":{"line":3,"column":13},"end":{"line":3,"column":50}},"3":{"start":{"line":4,"column":15},"end":{"line":4,"column":55}},"4":{"start":{"line":6,"column":17},"end":{"line":15,"column":1}},"5":{"start":{"line":17,"column":18},"end":{"line":26,"column":1}},"6":{"start":{"line":28,"column":18},"end":{"line":37,"column":1}},"7":{"start":{"line":39,"column":25},"end":{"line":48,"column":1}},"8":{"start":{"line":50,"column":21},"end":{"line":57,"column":1}},"9":{"start":{"line":59,"column":22},"end":{"line":66,"column":1}},"10":{"start":{"line":68,"column":22},"end":{"line":75,"column":1}},"11":{"start":{"line":77,"column":22},"end":{"line":85,"column":1}},"12":{"start":{"line":87,"column":22},"end":{"line":95,"column":1}},"13":{"start":{"line":97,"column":22},"end":{"line":105,"column":1}},"14":{"start":{"line":107,"column":22},"end":{"line":115,"column":1}},"15":{"start":{"line":117,"column":19},"end":{"line":119,"column":1}},"16":{"start":{"line":121,"column":20},"end":{"line":123,"column":1}},"17":{"start":{"line":125,"column":20},"end":{"line":127,"column":1}},"18":{"start":{"line":129,"column":20},"end":{"line":131,"column":1}},"19":{"start":{"line":133,"column":26},"end":{"line":134,"column":72}},"20":{"start":{"line":135,"column":22},"end":{"line":135,"column":72}},"21":{"start":{"line":136,"column":23},"end":{"line":136,"column":74}},"22":{"start":{"line":138,"column":28},"end":{"line":148,"column":1}},"23":{"start":{"line":139,"column":4},"end":{"line":142,"column":5}},"24":{"start":{"line":139,"column":17},"end":{"line":139,"column":18}},"25":{"start":{"line":140,"column":19},"end":{"line":140,"column":55}},"26":{"start":{"line":141,"column":8},"end":{"line":141,"column":26}},"27":{"start":{"line":144,"column":4},"end":{"line":147,"column":5}},"28":{"start":{"line":144,"column":17},"end":{"line":144,"column":18}},"29":{"start":{"line":145,"column":23},"end":{"line":145,"column":67}},"30":{"start":{"line":146,"column":8},"end":{"line":146,"column":30}},"31":{"start":{"line":150,"column":0},"end":{"line":159,"column":2}}},"fnMap":{"0":{"name":"(anonymous_0)","decl":{"start":{"line":138,"column":28},"end":{"line":138,"column":29}},"loc":{"start":{"line":138,"column":40},"end":{"line":148,"column":1}},"line":138}},"branchMap":{},"s":{"0":5,"1":5,"2":5,"3":5,"4":5,"5":5,"6":5,"7":5,"8":5,"9":5,"10":5,"11":5,"12":5,"13":5,"14":5,"15":5,"16":5,"17":5,"18":5,"19":5,"20":5,"21":5,"22":5,"23":57,"24":57,"25":228,"26":228,"27":57,"28":57,"29":399,"30":399,"31":5},"f":{"0":57},"b":{},"_coverageSchema":"43e27e138ebf9cfc5966b082cf9a028302ed4184","hash":"3a29851486e3ec9e7b6307cf9fd7ecebd48aaed5"}
}
