{"/mnt/c/Users/johnb/Cpen321/Cpen321Project/config.js": {"path":"/mnt/c/Users/johnb/Cpen321/Cpen321Project/config.js","statementMap":{"0":{"start":{"line":1,"column":12},"end":{"line":12,"column":1}},"1":{"start":{"line":14,"column":0},"end":{"line":14,"column":21}}},"fnMap":{},"branchMap":{},"s":{"0":3,"1":3},"f":{},"b":{},"_coverageSchema":"43e27e138ebf9cfc5966b082cf9a028302ed4184","hash":"f9be8c7eeca0945c93186c0272433004da276004"}
,"/mnt/c/Users/johnb/Cpen321/Cpen321Project/logger.js": {"path":"/mnt/c/Users/johnb/Cpen321/Cpen321Project/logger.js","statementMap":{"0":{"start":{"line":1,"column":16},"end":{"line":1,"column":34}},"1":{"start":{"line":2,"column":15},"end":{"line":7,"column":2}},"2":{"start":{"line":9,"column":0},"end":{"line":11,"column":4}},"3":{"start":{"line":13,"column":22},"end":{"line":20,"column":1}},"4":{"start":{"line":22,"column":0},"end":{"line":25,"column":2}}},"fnMap":{},"branchMap":{},"s":{"0":3,"1":3,"2":3,"3":3,"4":3},"f":{},"b":{},"_coverageSchema":"43e27e138ebf9cfc5966b082cf9a028302ed4184","hash":"a9ce2b9014c312c4fe277b7377e286907551e6c9"}
,"/mnt/c/Users/johnb/Cpen321/Cpen321Project/rest-server/controller/question.js": {"path":"/mnt/c/Users/johnb/Cpen321/Cpen321Project/rest-server/controller/question.js","statementMap":{"0":{"start":{"line":1,"column":17},"end":{"line":1,"column":47}},"1":{"start":{"line":2,"column":13},"end":{"line":2,"column":38}},"2":{"start":{"line":3,"column":17},"end":{"line":3,"column":39}},"3":{"start":{"line":4,"column":54},"end":{"line":4,"column":86}},"4":{"start":{"line":5,"column":27},"end":{"line":5,"column":55}},"5":{"start":{"line":6,"column":18},"end":{"line":6,"column":35}},"6":{"start":{"line":7,"column":17},"end":{"line":7,"column":40}},"7":{"start":{"line":13,"column":25},"end":{"line":13,"column":71}},"8":{"start":{"line":19,"column":20},"end":{"line":36,"column":1}},"9":{"start":{"line":20,"column":23},"end":{"line":20,"column":44}},"10":{"start":{"line":22,"column":4},"end":{"line":22,"column":53}},"11":{"start":{"line":23,"column":4},"end":{"line":35,"column":5}},"12":{"start":{"line":25,"column":23},"end":{"line":25,"column":58}},"13":{"start":{"line":27,"column":8},"end":{"line":29,"column":9}},"14":{"start":{"line":28,"column":12},"end":{"line":28,"column":59}},"15":{"start":{"line":31,"column":8},"end":{"line":31,"column":39}},"16":{"start":{"line":34,"column":8},"end":{"line":34,"column":32}},"17":{"start":{"line":38,"column":21},"end":{"line":75,"column":1}},"18":{"start":{"line":40,"column":20},"end":{"line":40,"column":30}},"19":{"start":{"line":41,"column":18},"end":{"line":41,"column":32}},"20":{"start":{"line":42,"column":27},"end":{"line":42,"column":44}},"21":{"start":{"line":43,"column":28},"end":{"line":43,"column":56}},"22":{"start":{"line":45,"column":4},"end":{"line":45,"column":33}},"23":{"start":{"line":46,"column":20},"end":{"line":46,"column":34}},"24":{"start":{"line":47,"column":19},"end":{"line":47,"column":34}},"25":{"start":{"line":50,"column":4},"end":{"line":74,"column":5}},"26":{"start":{"line":51,"column":24},"end":{"line":51,"column":52}},"27":{"start":{"line":53,"column":8},"end":{"line":55,"column":9}},"28":{"start":{"line":54,"column":12},"end":{"line":54,"column":55}},"29":{"start":{"line":57,"column":25},"end":{"line":63,"column":10}},"30":{"start":{"line":65,"column":8},"end":{"line":65,"column":39}},"31":{"start":{"line":67,"column":33},"end":{"line":67,"column":58}},"32":{"start":{"line":68,"column":8},"end":{"line":68,"column":45}},"33":{"start":{"line":70,"column":8},"end":{"line":70,"column":30}},"34":{"start":{"line":73,"column":8},"end":{"line":73,"column":32}},"35":{"start":{"line":78,"column":27},"end":{"line":91,"column":1}},"36":{"start":{"line":80,"column":4},"end":{"line":80,"column":35}},"37":{"start":{"line":82,"column":4},"end":{"line":90,"column":5}},"38":{"start":{"line":83,"column":27},"end":{"line":83,"column":59}},"39":{"start":{"line":85,"column":8},"end":{"line":87,"column":10}},"40":{"start":{"line":89,"column":8},"end":{"line":89,"column":32}},"41":{"start":{"line":93,"column":29},"end":{"line":148,"column":1}},"42":{"start":{"line":94,"column":4},"end":{"line":147,"column":5}},"43":{"start":{"line":96,"column":23},"end":{"line":96,"column":40}},"44":{"start":{"line":98,"column":28},"end":{"line":98,"column":85}},"45":{"start":{"line":100,"column":24},"end":{"line":100,"column":51}},"46":{"start":{"line":101,"column":26},"end":{"line":101,"column":33}},"47":{"start":{"line":104,"column":35},"end":{"line":104,"column":37}},"48":{"start":{"line":106,"column":8},"end":{"line":108,"column":9}},"49":{"start":{"line":106,"column":21},"end":{"line":106,"column":22}},"50":{"start":{"line":107,"column":12},"end":{"line":107,"column":81}},"51":{"start":{"line":111,"column":37},"end":{"line":111,"column":92}},"52":{"start":{"line":112,"column":8},"end":{"line":112,"column":47}},"53":{"start":{"line":113,"column":8},"end":{"line":113,"column":42}},"54":{"start":{"line":114,"column":8},"end":{"line":140,"column":9}},"55":{"start":{"line":122,"column":43},"end":{"line":122,"column":45}},"56":{"start":{"line":124,"column":12},"end":{"line":128,"column":13}},"57":{"start":{"line":125,"column":16},"end":{"line":125,"column":71}},"58":{"start":{"line":127,"column":16},"end":{"line":127,"column":79}},"59":{"start":{"line":130,"column":12},"end":{"line":133,"column":13}},"60":{"start":{"line":130,"column":25},"end":{"line":130,"column":26}},"61":{"start":{"line":131,"column":40},"end":{"line":131,"column":106}},"62":{"start":{"line":132,"column":16},"end":{"line":132,"column":125}},"63":{"start":{"line":135,"column":38},"end":{"line":135,"column":103}},"64":{"start":{"line":137,"column":12},"end":{"line":137,"column":52}},"65":{"start":{"line":142,"column":8},"end":{"line":144,"column":10}},"66":{"start":{"line":146,"column":8},"end":{"line":146,"column":32}},"67":{"start":{"line":150,"column":23},"end":{"line":174,"column":1}},"68":{"start":{"line":151,"column":4},"end":{"line":151,"column":38}},"69":{"start":{"line":152,"column":4},"end":{"line":152,"column":27}},"70":{"start":{"line":154,"column":4},"end":{"line":172,"column":5}},"71":{"start":{"line":155,"column":26},"end":{"line":155,"column":58}},"72":{"start":{"line":156,"column":22},"end":{"line":156,"column":48}},"73":{"start":{"line":157,"column":25},"end":{"line":157,"column":27}},"74":{"start":{"line":159,"column":8},"end":{"line":163,"column":9}},"75":{"start":{"line":159,"column":21},"end":{"line":159,"column":22}},"76":{"start":{"line":160,"column":32},"end":{"line":160,"column":61}},"77":{"start":{"line":161,"column":12},"end":{"line":161,"column":49}},"78":{"start":{"line":162,"column":12},"end":{"line":162,"column":39}},"79":{"start":{"line":165,"column":8},"end":{"line":168,"column":11}},"80":{"start":{"line":171,"column":8},"end":{"line":171,"column":32}},"81":{"start":{"line":176,"column":23},"end":{"line":207,"column":1}},"82":{"start":{"line":177,"column":23},"end":{"line":177,"column":42}},"83":{"start":{"line":178,"column":19},"end":{"line":178,"column":34}},"84":{"start":{"line":179,"column":22},"end":{"line":179,"column":40}},"85":{"start":{"line":181,"column":4},"end":{"line":181,"column":28}},"86":{"start":{"line":182,"column":4},"end":{"line":182,"column":24}},"87":{"start":{"line":183,"column":4},"end":{"line":183,"column":27}},"88":{"start":{"line":185,"column":4},"end":{"line":206,"column":5}},"89":{"start":{"line":186,"column":21},"end":{"line":186,"column":56}},"90":{"start":{"line":188,"column":8},"end":{"line":190,"column":9}},"91":{"start":{"line":189,"column":12},"end":{"line":189,"column":54}},"92":{"start":{"line":192,"column":8},"end":{"line":193,"column":34}},"93":{"start":{"line":195,"column":8},"end":{"line":197,"column":9}},"94":{"start":{"line":196,"column":12},"end":{"line":196,"column":99}},"95":{"start":{"line":199,"column":8},"end":{"line":202,"column":11}},"96":{"start":{"line":205,"column":8},"end":{"line":205,"column":32}},"97":{"start":{"line":209,"column":30},"end":{"line":223,"column":1}},"98":{"start":{"line":210,"column":19},"end":{"line":210,"column":36}},"99":{"start":{"line":212,"column":4},"end":{"line":222,"column":5}},"100":{"start":{"line":213,"column":31},"end":{"line":213,"column":89}},"101":{"start":{"line":215,"column":8},"end":{"line":217,"column":9}},"102":{"start":{"line":216,"column":12},"end":{"line":216,"column":64}},"103":{"start":{"line":219,"column":8},"end":{"line":219,"column":45}},"104":{"start":{"line":221,"column":8},"end":{"line":221,"column":32}},"105":{"start":{"line":226,"column":0},"end":{"line":234,"column":2}}},"fnMap":{"0":{"name":"(anonymous_0)","decl":{"start":{"line":19,"column":20},"end":{"line":19,"column":21}},"loc":{"start":{"line":19,"column":46},"end":{"line":36,"column":1}},"line":19},"1":{"name":"(anonymous_1)","decl":{"start":{"line":38,"column":21},"end":{"line":38,"column":22}},"loc":{"start":{"line":38,"column":47},"end":{"line":75,"column":1}},"line":38},"2":{"name":"(anonymous_2)","decl":{"start":{"line":78,"column":27},"end":{"line":78,"column":28}},"loc":{"start":{"line":78,"column":53},"end":{"line":91,"column":1}},"line":78},"3":{"name":"(anonymous_3)","decl":{"start":{"line":93,"column":29},"end":{"line":93,"column":30}},"loc":{"start":{"line":93,"column":55},"end":{"line":148,"column":1}},"line":93},"4":{"name":"(anonymous_4)","decl":{"start":{"line":150,"column":23},"end":{"line":150,"column":24}},"loc":{"start":{"line":150,"column":49},"end":{"line":174,"column":1}},"line":150},"5":{"name":"(anonymous_5)","decl":{"start":{"line":176,"column":23},"end":{"line":176,"column":24}},"loc":{"start":{"line":176,"column":49},"end":{"line":207,"column":1}},"line":176},"6":{"name":"(anonymous_6)","decl":{"start":{"line":209,"column":30},"end":{"line":209,"column":31}},"loc":{"start":{"line":209,"column":56},"end":{"line":223,"column":1}},"line":209}},"branchMap":{"0":{"loc":{"start":{"line":27,"column":8},"end":{"line":29,"column":9}},"type":"if","locations":[{"start":{"line":27,"column":8},"end":{"line":29,"column":9}},{"start":{"line":27,"column":8},"end":{"line":29,"column":9}}],"line":27},"1":{"loc":{"start":{"line":53,"column":8},"end":{"line":55,"column":9}},"type":"if","locations":[{"start":{"line":53,"column":8},"end":{"line":55,"column":9}},{"start":{"line":53,"column":8},"end":{"line":55,"column":9}}],"line":53},"2":{"loc":{"start":{"line":124,"column":12},"end":{"line":128,"column":13}},"type":"if","locations":[{"start":{"line":124,"column":12},"end":{"line":128,"column":13}},{"start":{"line":124,"column":12},"end":{"line":128,"column":13}}],"line":124},"3":{"loc":{"start":{"line":188,"column":8},"end":{"line":190,"column":9}},"type":"if","locations":[{"start":{"line":188,"column":8},"end":{"line":190,"column":9}},{"start":{"line":188,"column":8},"end":{"line":190,"column":9}}],"line":188},"4":{"loc":{"start":{"line":195,"column":8},"end":{"line":197,"column":9}},"type":"if","locations":[{"start":{"line":195,"column":8},"end":{"line":197,"column":9}},{"start":{"line":195,"column":8},"end":{"line":197,"column":9}}],"line":195},"5":{"loc":{"start":{"line":215,"column":8},"end":{"line":217,"column":9}},"type":"if","locations":[{"start":{"line":215,"column":8},"end":{"line":217,"column":9}},{"start":{"line":215,"column":8},"end":{"line":217,"column":9}}],"line":215}},"s":{"0":1,"1":1,"2":1,"3":1,"4":1,"5":1,"6":1,"7":1,"8":1,"9":2,"10":2,"11":2,"12":2,"13":2,"14":1,"15":2,"16":0,"17":1,"18":1,"19":1,"20":1,"21":1,"22":1,"23":1,"24":1,"25":1,"26":1,"27":1,"28":0,"29":1,"30":1,"31":1,"32":1,"33":1,"34":1,"35":1,"36":0,"37":0,"38":0,"39":0,"40":0,"41":1,"42":0,"43":0,"44":0,"45":0,"46":0,"47":0,"48":0,"49":0,"50":0,"51":0,"52":0,"53":0,"54":0,"55":0,"56":0,"57":0,"58":0,"59":0,"60":0,"61":0,"62":0,"63":0,"64":0,"65":0,"66":0,"67":1,"68":0,"69":0,"70":0,"71":0,"72":0,"73":0,"74":0,"75":0,"76":0,"77":0,"78":0,"79":0,"80":0,"81":1,"82":0,"83":0,"84":0,"85":0,"86":0,"87":0,"88":0,"89":0,"90":0,"91":0,"92":0,"93":0,"94":0,"95":0,"96":0,"97":1,"98":0,"99":0,"100":0,"101":0,"102":0,"103":0,"104":0,"105":1},"f":{"0":2,"1":1,"2":0,"3":0,"4":0,"5":0,"6":0},"b":{"0":[1,1],"1":[0,1],"2":[0,0],"3":[0,0],"4":[0,0],"5":[0,0]},"_coverageSchema":"43e27e138ebf9cfc5966b082cf9a028302ed4184","hash":"c581ca12376c8b038316135224d8983df5d5080b"}
,"/mnt/c/Users/johnb/Cpen321/Cpen321Project/rest-server/controller/user.js": {"path":"/mnt/c/Users/johnb/Cpen321/Cpen321Project/rest-server/controller/user.js","statementMap":{"0":{"start":{"line":1,"column":13},"end":{"line":1,"column":38}},"1":{"start":{"line":2,"column":15},"end":{"line":2,"column":34}},"2":{"start":{"line":3,"column":14},"end":{"line":3,"column":31}},"3":{"start":{"line":4,"column":33},"end":{"line":4,"column":65}},"4":{"start":{"line":5,"column":29},"end":{"line":5,"column":57}},"5":{"start":{"line":6,"column":20},"end":{"line":6,"column":43}},"6":{"start":{"line":7,"column":12},"end":{"line":7,"column":35}},"7":{"start":{"line":8,"column":17},"end":{"line":8,"column":40}},"8":{"start":{"line":9,"column":54},"end":{"line":9,"column":100}},"9":{"start":{"line":11,"column":27},"end":{"line":26,"column":1}},"10":{"start":{"line":12,"column":18},"end":{"line":17,"column":5}},"11":{"start":{"line":19,"column":4},"end":{"line":19,"column":39}},"12":{"start":{"line":21,"column":4},"end":{"line":25,"column":6}},"13":{"start":{"line":29,"column":16},"end":{"line":60,"column":1}},"14":{"start":{"line":30,"column":24},"end":{"line":30,"column":32}},"15":{"start":{"line":32,"column":22},"end":{"line":32,"column":39}},"16":{"start":{"line":33,"column":21},"end":{"line":33,"column":41}},"17":{"start":{"line":34,"column":24},"end":{"line":34,"column":44}},"18":{"start":{"line":36,"column":4},"end":{"line":59,"column":5}},"19":{"start":{"line":38,"column":22},"end":{"line":38,"column":61}},"20":{"start":{"line":40,"column":8},"end":{"line":54,"column":9}},"21":{"start":{"line":41,"column":12},"end":{"line":49,"column":15}},"22":{"start":{"line":51,"column":12},"end":{"line":51,"column":33}},"23":{"start":{"line":53,"column":12},"end":{"line":53,"column":55}},"24":{"start":{"line":56,"column":8},"end":{"line":56,"column":45}},"25":{"start":{"line":58,"column":8},"end":{"line":58,"column":30}},"26":{"start":{"line":62,"column":18},"end":{"line":82,"column":1}},"27":{"start":{"line":63,"column":22},"end":{"line":63,"column":36}},"28":{"start":{"line":64,"column":25},"end":{"line":64,"column":42}},"29":{"start":{"line":66,"column":4},"end":{"line":81,"column":5}},"30":{"start":{"line":67,"column":22},"end":{"line":67,"column":61}},"31":{"start":{"line":69,"column":8},"end":{"line":71,"column":9}},"32":{"start":{"line":70,"column":12},"end":{"line":70,"column":55}},"33":{"start":{"line":73,"column":8},"end":{"line":75,"column":9}},"34":{"start":{"line":74,"column":12},"end":{"line":74,"column":54}},"35":{"start":{"line":77,"column":8},"end":{"line":77,"column":45}},"36":{"start":{"line":80,"column":8},"end":{"line":80,"column":32}},"37":{"start":{"line":84,"column":16},"end":{"line":108,"column":1}},"38":{"start":{"line":85,"column":4},"end":{"line":107,"column":5}},"39":{"start":{"line":87,"column":19},"end":{"line":87,"column":36}},"40":{"start":{"line":88,"column":8},"end":{"line":88,"column":38}},"41":{"start":{"line":90,"column":19},"end":{"line":90,"column":42}},"42":{"start":{"line":92,"column":8},"end":{"line":94,"column":9}},"43":{"start":{"line":93,"column":12},"end":{"line":93,"column":55}},"44":{"start":{"line":96,"column":28},"end":{"line":96,"column":81}},"45":{"start":{"line":97,"column":22},"end":{"line":97,"column":37}},"46":{"start":{"line":98,"column":8},"end":{"line":98,"column":42}},"47":{"start":{"line":99,"column":8},"end":{"line":99,"column":34}},"48":{"start":{"line":101,"column":8},"end":{"line":101,"column":29}},"49":{"start":{"line":103,"column":8},"end":{"line":103,"column":38}},"50":{"start":{"line":106,"column":8},"end":{"line":106,"column":32}},"51":{"start":{"line":112,"column":19},"end":{"line":146,"column":1}},"52":{"start":{"line":114,"column":4},"end":{"line":145,"column":5}},"53":{"start":{"line":115,"column":28},"end":{"line":115,"column":45}},"54":{"start":{"line":116,"column":27},"end":{"line":116,"column":43}},"55":{"start":{"line":117,"column":23},"end":{"line":117,"column":40}},"56":{"start":{"line":118,"column":29},"end":{"line":118,"column":43}},"57":{"start":{"line":120,"column":19},"end":{"line":120,"column":46}},"58":{"start":{"line":122,"column":8},"end":{"line":124,"column":9}},"59":{"start":{"line":123,"column":12},"end":{"line":123,"column":55}},"60":{"start":{"line":126,"column":8},"end":{"line":126,"column":52}},"61":{"start":{"line":127,"column":8},"end":{"line":127,"column":54}},"62":{"start":{"line":128,"column":8},"end":{"line":128,"column":32}},"63":{"start":{"line":130,"column":8},"end":{"line":130,"column":36}},"64":{"start":{"line":131,"column":8},"end":{"line":131,"column":34}},"65":{"start":{"line":132,"column":8},"end":{"line":132,"column":34}},"66":{"start":{"line":134,"column":21},"end":{"line":134,"column":38}},"67":{"start":{"line":135,"column":28},"end":{"line":135,"column":85}},"68":{"start":{"line":136,"column":26},"end":{"line":136,"column":43}},"69":{"start":{"line":137,"column":8},"end":{"line":137,"column":44}},"70":{"start":{"line":139,"column":8},"end":{"line":139,"column":31}},"71":{"start":{"line":141,"column":8},"end":{"line":141,"column":40}},"72":{"start":{"line":144,"column":8},"end":{"line":144,"column":32}},"73":{"start":{"line":148,"column":19},"end":{"line":167,"column":1}},"74":{"start":{"line":149,"column":4},"end":{"line":149,"column":26}},"75":{"start":{"line":151,"column":31},"end":{"line":151,"column":54}},"76":{"start":{"line":152,"column":4},"end":{"line":152,"column":52}},"77":{"start":{"line":155,"column":4},"end":{"line":165,"column":5}},"78":{"start":{"line":156,"column":8},"end":{"line":156,"column":53}},"79":{"start":{"line":157,"column":21},"end":{"line":157,"column":42}},"80":{"start":{"line":159,"column":8},"end":{"line":159,"column":28}},"81":{"start":{"line":161,"column":8},"end":{"line":161,"column":44}},"82":{"start":{"line":164,"column":8},"end":{"line":164,"column":32}},"83":{"start":{"line":169,"column":13},"end":{"line":215,"column":1}},"84":{"start":{"line":170,"column":25},"end":{"line":170,"column":48}},"85":{"start":{"line":171,"column":19},"end":{"line":171,"column":34}},"86":{"start":{"line":172,"column":19},"end":{"line":172,"column":34}},"87":{"start":{"line":174,"column":4},"end":{"line":174,"column":30}},"88":{"start":{"line":175,"column":4},"end":{"line":175,"column":24}},"89":{"start":{"line":177,"column":4},"end":{"line":214,"column":5}},"90":{"start":{"line":178,"column":27},"end":{"line":178,"column":60}},"91":{"start":{"line":179,"column":26},"end":{"line":179,"column":53}},"92":{"start":{"line":181,"column":8},"end":{"line":183,"column":9}},"93":{"start":{"line":182,"column":12},"end":{"line":182,"column":54}},"94":{"start":{"line":185,"column":21},"end":{"line":188,"column":24}},"95":{"start":{"line":191,"column":8},"end":{"line":197,"column":9}},"96":{"start":{"line":192,"column":12},"end":{"line":192,"column":59}},"97":{"start":{"line":194,"column":12},"end":{"line":196,"column":30}},"98":{"start":{"line":199,"column":26},"end":{"line":201,"column":24}},"99":{"start":{"line":200,"column":12},"end":{"line":200,"column":50}},"100":{"start":{"line":203,"column":8},"end":{"line":203,"column":41}},"101":{"start":{"line":205,"column":26},"end":{"line":205,"column":67}},"102":{"start":{"line":206,"column":8},"end":{"line":206,"column":34}},"103":{"start":{"line":208,"column":8},"end":{"line":208,"column":28}},"104":{"start":{"line":210,"column":8},"end":{"line":210,"column":37}},"105":{"start":{"line":213,"column":8},"end":{"line":213,"column":32}},"106":{"start":{"line":217,"column":15},"end":{"line":244,"column":1}},"107":{"start":{"line":218,"column":28},"end":{"line":218,"column":54}},"108":{"start":{"line":219,"column":19},"end":{"line":219,"column":34}},"109":{"start":{"line":221,"column":4},"end":{"line":221,"column":56}},"110":{"start":{"line":222,"column":4},"end":{"line":222,"column":46}},"111":{"start":{"line":224,"column":4},"end":{"line":242,"column":5}},"112":{"start":{"line":225,"column":30},"end":{"line":225,"column":66}},"113":{"start":{"line":226,"column":29},"end":{"line":226,"column":56}},"114":{"start":{"line":228,"column":8},"end":{"line":230,"column":9}},"115":{"start":{"line":229,"column":12},"end":{"line":229,"column":54}},"116":{"start":{"line":232,"column":21},"end":{"line":232,"column":90}},"117":{"start":{"line":234,"column":8},"end":{"line":236,"column":9}},"118":{"start":{"line":235,"column":12},"end":{"line":235,"column":120}},"119":{"start":{"line":238,"column":8},"end":{"line":238,"column":37}},"120":{"start":{"line":241,"column":8},"end":{"line":241,"column":32}},"121":{"start":{"line":246,"column":24},"end":{"line":255,"column":1}},"122":{"start":{"line":257,"column":0},"end":{"line":257,"column":33}}},"fnMap":{"0":{"name":"(anonymous_0)","decl":{"start":{"line":11,"column":27},"end":{"line":11,"column":28}},"loc":{"start":{"line":11,"column":40},"end":{"line":26,"column":1}},"line":11},"1":{"name":"(anonymous_1)","decl":{"start":{"line":29,"column":16},"end":{"line":29,"column":17}},"loc":{"start":{"line":29,"column":42},"end":{"line":60,"column":1}},"line":29},"2":{"name":"(anonymous_2)","decl":{"start":{"line":62,"column":18},"end":{"line":62,"column":19}},"loc":{"start":{"line":62,"column":44},"end":{"line":82,"column":1}},"line":62},"3":{"name":"(anonymous_3)","decl":{"start":{"line":84,"column":16},"end":{"line":84,"column":17}},"loc":{"start":{"line":84,"column":42},"end":{"line":108,"column":1}},"line":84},"4":{"name":"(anonymous_4)","decl":{"start":{"line":112,"column":19},"end":{"line":112,"column":20}},"loc":{"start":{"line":112,"column":45},"end":{"line":146,"column":1}},"line":112},"5":{"name":"(anonymous_5)","decl":{"start":{"line":148,"column":19},"end":{"line":148,"column":20}},"loc":{"start":{"line":148,"column":45},"end":{"line":167,"column":1}},"line":148},"6":{"name":"(anonymous_6)","decl":{"start":{"line":169,"column":13},"end":{"line":169,"column":14}},"loc":{"start":{"line":169,"column":39},"end":{"line":215,"column":1}},"line":169},"7":{"name":"(anonymous_7)","decl":{"start":{"line":199,"column":54},"end":{"line":199,"column":55}},"loc":{"start":{"line":199,"column":64},"end":{"line":201,"column":9}},"line":199},"8":{"name":"(anonymous_8)","decl":{"start":{"line":217,"column":15},"end":{"line":217,"column":16}},"loc":{"start":{"line":217,"column":41},"end":{"line":244,"column":1}},"line":217}},"branchMap":{"0":{"loc":{"start":{"line":40,"column":8},"end":{"line":54,"column":9}},"type":"if","locations":[{"start":{"line":40,"column":8},"end":{"line":54,"column":9}},{"start":{"line":40,"column":8},"end":{"line":54,"column":9}}],"line":40},"1":{"loc":{"start":{"line":69,"column":8},"end":{"line":71,"column":9}},"type":"if","locations":[{"start":{"line":69,"column":8},"end":{"line":71,"column":9}},{"start":{"line":69,"column":8},"end":{"line":71,"column":9}}],"line":69},"2":{"loc":{"start":{"line":73,"column":8},"end":{"line":75,"column":9}},"type":"if","locations":[{"start":{"line":73,"column":8},"end":{"line":75,"column":9}},{"start":{"line":73,"column":8},"end":{"line":75,"column":9}}],"line":73},"3":{"loc":{"start":{"line":92,"column":8},"end":{"line":94,"column":9}},"type":"if","locations":[{"start":{"line":92,"column":8},"end":{"line":94,"column":9}},{"start":{"line":92,"column":8},"end":{"line":94,"column":9}}],"line":92},"4":{"loc":{"start":{"line":122,"column":8},"end":{"line":124,"column":9}},"type":"if","locations":[{"start":{"line":122,"column":8},"end":{"line":124,"column":9}},{"start":{"line":122,"column":8},"end":{"line":124,"column":9}}],"line":122},"5":{"loc":{"start":{"line":181,"column":8},"end":{"line":183,"column":9}},"type":"if","locations":[{"start":{"line":181,"column":8},"end":{"line":183,"column":9}},{"start":{"line":181,"column":8},"end":{"line":183,"column":9}}],"line":181},"6":{"loc":{"start":{"line":181,"column":12},"end":{"line":181,"column":51}},"type":"binary-expr","locations":[{"start":{"line":181,"column":12},"end":{"line":181,"column":30}},{"start":{"line":181,"column":34},"end":{"line":181,"column":51}}],"line":181},"7":{"loc":{"start":{"line":191,"column":8},"end":{"line":197,"column":9}},"type":"if","locations":[{"start":{"line":191,"column":8},"end":{"line":197,"column":9}},{"start":{"line":191,"column":8},"end":{"line":197,"column":9}}],"line":191},"8":{"loc":{"start":{"line":228,"column":8},"end":{"line":230,"column":9}},"type":"if","locations":[{"start":{"line":228,"column":8},"end":{"line":230,"column":9}},{"start":{"line":228,"column":8},"end":{"line":230,"column":9}}],"line":228},"9":{"loc":{"start":{"line":228,"column":12},"end":{"line":228,"column":57}},"type":"binary-expr","locations":[{"start":{"line":228,"column":12},"end":{"line":228,"column":33}},{"start":{"line":228,"column":37},"end":{"line":228,"column":57}}],"line":228},"10":{"loc":{"start":{"line":234,"column":8},"end":{"line":236,"column":9}},"type":"if","locations":[{"start":{"line":234,"column":8},"end":{"line":236,"column":9}},{"start":{"line":234,"column":8},"end":{"line":236,"column":9}}],"line":234}},"s":{"0":1,"1":1,"2":1,"3":1,"4":1,"5":1,"6":1,"7":1,"8":1,"9":1,"10":6,"11":6,"12":6,"13":1,"14":2,"15":2,"16":2,"17":2,"18":2,"19":2,"20":2,"21":1,"22":1,"23":1,"24":2,"25":0,"26":1,"27":3,"28":3,"29":3,"30":3,"31":3,"32":0,"33":3,"34":1,"35":3,"36":0,"37":1,"38":2,"39":2,"40":2,"41":2,"42":2,"43":1,"44":2,"45":1,"46":1,"47":1,"48":1,"49":1,"50":1,"51":1,"52":6,"53":6,"54":6,"55":6,"56":6,"57":6,"58":6,"59":1,"60":6,"61":6,"62":6,"63":6,"64":5,"65":5,"66":5,"67":5,"68":5,"69":5,"70":5,"71":5,"72":1,"73":1,"74":1,"75":1,"76":1,"77":1,"78":1,"79":1,"80":1,"81":1,"82":0,"83":1,"84":7,"85":7,"86":7,"87":7,"88":7,"89":7,"90":7,"91":7,"92":7,"93":2,"94":7,"95":7,"96":6,"97":6,"98":7,"99":7,"100":6,"101":6,"102":6,"103":6,"104":6,"105":1,"106":1,"107":7,"108":7,"109":7,"110":7,"111":7,"112":7,"113":6,"114":6,"115":1,"116":6,"117":6,"118":5,"119":6,"120":1,"121":1,"122":1},"f":{"0":6,"1":2,"2":3,"3":2,"4":6,"5":1,"6":7,"7":7,"8":7},"b":{"0":[1,1],"1":[0,3],"2":[1,2],"3":[1,1],"4":[1,5],"5":[2,5],"6":[7,6],"7":[6,1],"8":[1,5],"9":[6,6],"10":[5,1]},"_coverageSchema":"43e27e138ebf9cfc5966b082cf9a028302ed4184","hash":"4cdf0333fc67e756cae210e3da50ac214eda883b"}
,"/mnt/c/Users/johnb/Cpen321/Cpen321Project/rest-server/schema/answers.js": {"path":"/mnt/c/Users/johnb/Cpen321/Cpen321Project/rest-server/schema/answers.js","statementMap":{"0":{"start":{"line":1,"column":17},"end":{"line":1,"column":36}},"1":{"start":{"line":2,"column":15},"end":{"line":2,"column":30}},"2":{"start":{"line":4,"column":21},"end":{"line":29,"column":2}},"3":{"start":{"line":31,"column":0},"end":{"line":31,"column":56}}},"fnMap":{},"branchMap":{},"s":{"0":3,"1":3,"2":3,"3":3},"f":{},"b":{},"_coverageSchema":"43e27e138ebf9cfc5966b082cf9a028302ed4184","hash":"505e1c1c50056f2b69488e963f838bd2731ee67c"}
,"/mnt/c/Users/johnb/Cpen321/Cpen321Project/rest-server/schema/questions.js": {"path":"/mnt/c/Users/johnb/Cpen321/Cpen321Project/rest-server/schema/questions.js","statementMap":{"0":{"start":{"line":1,"column":17},"end":{"line":1,"column":36}},"1":{"start":{"line":2,"column":15},"end":{"line":2,"column":30}},"2":{"start":{"line":4,"column":23},"end":{"line":50,"column":2}},"3":{"start":{"line":55,"column":0},"end":{"line":57,"column":1}},"4":{"start":{"line":56,"column":4},"end":{"line":56,"column":39}},"5":{"start":{"line":62,"column":0},"end":{"line":74,"column":1}},"6":{"start":{"line":64,"column":23},"end":{"line":64,"column":25}},"7":{"start":{"line":65,"column":4},"end":{"line":71,"column":5}},"8":{"start":{"line":65,"column":17},"end":{"line":65,"column":18}},"9":{"start":{"line":68,"column":26},"end":{"line":68,"column":96}},"10":{"start":{"line":70,"column":8},"end":{"line":70,"column":43}},"11":{"start":{"line":73,"column":4},"end":{"line":73,"column":24}},"12":{"start":{"line":79,"column":0},"end":{"line":81,"column":1}},"13":{"start":{"line":80,"column":4},"end":{"line":80,"column":52}},"14":{"start":{"line":86,"column":0},"end":{"line":88,"column":1}},"15":{"start":{"line":87,"column":4},"end":{"line":87,"column":62}},"16":{"start":{"line":90,"column":0},"end":{"line":90,"column":60}}},"fnMap":{"0":{"name":"(anonymous_0)","decl":{"start":{"line":55,"column":32},"end":{"line":55,"column":33}},"loc":{"start":{"line":55,"column":49},"end":{"line":57,"column":1}},"line":55},"1":{"name":"(anonymous_1)","decl":{"start":{"line":62,"column":35},"end":{"line":62,"column":36}},"loc":{"start":{"line":62,"column":61},"end":{"line":74,"column":1}},"line":62},"2":{"name":"(anonymous_2)","decl":{"start":{"line":79,"column":36},"end":{"line":79,"column":37}},"loc":{"start":{"line":79,"column":53},"end":{"line":81,"column":1}},"line":79},"3":{"name":"(anonymous_3)","decl":{"start":{"line":86,"column":46},"end":{"line":86,"column":47}},"loc":{"start":{"line":86,"column":63},"end":{"line":88,"column":1}},"line":86}},"branchMap":{},"s":{"0":3,"1":3,"2":3,"3":3,"4":7,"5":3,"6":0,"7":0,"8":0,"9":0,"10":0,"11":0,"12":3,"13":0,"14":3,"15":0,"16":3},"f":{"0":7,"1":0,"2":0,"3":0},"b":{},"_coverageSchema":"43e27e138ebf9cfc5966b082cf9a028302ed4184","hash":"a11d3a3ceff37f6fd98f00a2386b250a8a6718d1"}
,"/mnt/c/Users/johnb/Cpen321/Cpen321Project/rest-server/schema/user.js": {"path":"/mnt/c/Users/johnb/Cpen321/Cpen321Project/rest-server/schema/user.js","statementMap":{"0":{"start":{"line":1,"column":17},"end":{"line":1,"column":36}},"1":{"start":{"line":2,"column":15},"end":{"line":2,"column":30}},"2":{"start":{"line":4,"column":19},"end":{"line":86,"column":1}},"3":{"start":{"line":89,"column":0},"end":{"line":89,"column":52}}},"fnMap":{},"branchMap":{},"s":{"0":3,"1":3,"2":3,"3":3},"f":{},"b":{},"_coverageSchema":"43e27e138ebf9cfc5966b082cf9a028302ed4184","hash":"50f634b922996aa6dfda918485849d0898c49009"}
,"/mnt/c/Users/johnb/Cpen321/Cpen321Project/rest-server/utils/lg.js": {"path":"/mnt/c/Users/johnb/Cpen321/Cpen321Project/rest-server/utils/lg.js","statementMap":{"0":{"start":{"line":1,"column":17},"end":{"line":45,"column":1}},"1":{"start":{"line":2,"column":18},"end":{"line":25,"column":5}},"2":{"start":{"line":28,"column":4},"end":{"line":36,"column":5}},"3":{"start":{"line":28,"column":17},"end":{"line":28,"column":18}},"4":{"start":{"line":29,"column":8},"end":{"line":33,"column":9}},"5":{"start":{"line":30,"column":12},"end":{"line":30,"column":62}},"6":{"start":{"line":32,"column":12},"end":{"line":32,"column":62}},"7":{"start":{"line":35,"column":8},"end":{"line":35,"column":58}},"8":{"start":{"line":38,"column":4},"end":{"line":38,"column":54}},"9":{"start":{"line":40,"column":4},"end":{"line":42,"column":7}},"10":{"start":{"line":41,"column":8},"end":{"line":41,"column":44}},"11":{"start":{"line":44,"column":4},"end":{"line":44,"column":18}},"12":{"start":{"line":48,"column":0},"end":{"line":48,"column":26}}},"fnMap":{"0":{"name":"(anonymous_0)","decl":{"start":{"line":1,"column":17},"end":{"line":1,"column":18}},"loc":{"start":{"line":1,"column":29},"end":{"line":45,"column":1}},"line":1},"1":{"name":"(anonymous_1)","decl":{"start":{"line":40,"column":38},"end":{"line":40,"column":39}},"loc":{"start":{"line":40,"column":59},"end":{"line":42,"column":5}},"line":40}},"branchMap":{"0":{"loc":{"start":{"line":29,"column":8},"end":{"line":33,"column":9}},"type":"if","locations":[{"start":{"line":29,"column":8},"end":{"line":33,"column":9}},{"start":{"line":29,"column":8},"end":{"line":33,"column":9}}],"line":29},"1":{"loc":{"start":{"line":29,"column":12},"end":{"line":29,"column":28}},"type":"binary-expr","locations":[{"start":{"line":29,"column":12},"end":{"line":29,"column":18}},{"start":{"line":29,"column":22},"end":{"line":29,"column":28}}],"line":29}},"s":{"0":2,"1":6,"2":6,"3":6,"4":132,"5":132,"6":0,"7":132,"8":6,"9":6,"10":14,"11":6,"12":2},"f":{"0":6,"1":14},"b":{"0":[132,0],"1":[132,102]},"_coverageSchema":"43e27e138ebf9cfc5966b082cf9a028302ed4184","hash":"1d9cc64fbf7861497cc4239804409a1bbc4a7616"}
,"/mnt/c/Users/johnb/Cpen321/Cpen321Project/rest-server/utils/suggestions/cosineSimilarity.js": {"path":"/mnt/c/Users/johnb/Cpen321/Cpen321Project/rest-server/utils/suggestions/cosineSimilarity.js","statementMap":{"0":{"start":{"line":3,"column":24},"end":{"line":10,"column":1}},"1":{"start":{"line":4,"column":22},"end":{"line":4,"column":28}},"2":{"start":{"line":5,"column":4},"end":{"line":7,"column":5}},"3":{"start":{"line":5,"column":17},"end":{"line":5,"column":18}},"4":{"start":{"line":6,"column":8},"end":{"line":6,"column":26}},"5":{"start":{"line":9,"column":4},"end":{"line":9,"column":21}},"6":{"start":{"line":12,"column":32},"end":{"line":24,"column":1}},"7":{"start":{"line":13,"column":16},"end":{"line":13,"column":17}},"8":{"start":{"line":13,"column":31},"end":{"line":13,"column":32}},"9":{"start":{"line":13,"column":46},"end":{"line":13,"column":47}},"10":{"start":{"line":15,"column":4},"end":{"line":21,"column":5}},"11":{"start":{"line":15,"column":17},"end":{"line":15,"column":18}},"12":{"start":{"line":16,"column":16},"end":{"line":16,"column":21}},"13":{"start":{"line":17,"column":16},"end":{"line":17,"column":21}},"14":{"start":{"line":18,"column":8},"end":{"line":18,"column":21}},"15":{"start":{"line":19,"column":8},"end":{"line":19,"column":21}},"16":{"start":{"line":20,"column":8},"end":{"line":20,"column":21}},"17":{"start":{"line":23,"column":4},"end":{"line":23,"column":40}},"18":{"start":{"line":26,"column":28},"end":{"line":41,"column":1}},"19":{"start":{"line":30,"column":4},"end":{"line":32,"column":5}},"20":{"start":{"line":31,"column":8},"end":{"line":31,"column":17}},"21":{"start":{"line":34,"column":4},"end":{"line":40,"column":5}},"22":{"start":{"line":35,"column":8},"end":{"line":35,"column":70}},"23":{"start":{"line":36,"column":8},"end":{"line":36,"column":61}},"24":{"start":{"line":38,"column":8},"end":{"line":38,"column":70}},"25":{"start":{"line":39,"column":8},"end":{"line":39,"column":61}},"26":{"start":{"line":43,"column":0},"end":{"line":43,"column":37}}},"fnMap":{"0":{"name":"(anonymous_0)","decl":{"start":{"line":3,"column":24},"end":{"line":3,"column":25}},"loc":{"start":{"line":3,"column":44},"end":{"line":10,"column":1}},"line":3},"1":{"name":"(anonymous_1)","decl":{"start":{"line":12,"column":32},"end":{"line":12,"column":33}},"loc":{"start":{"line":12,"column":44},"end":{"line":24,"column":1}},"line":12},"2":{"name":"(anonymous_2)","decl":{"start":{"line":26,"column":28},"end":{"line":26,"column":29}},"loc":{"start":{"line":26,"column":40},"end":{"line":41,"column":1}},"line":26}},"branchMap":{"0":{"loc":{"start":{"line":30,"column":4},"end":{"line":32,"column":5}},"type":"if","locations":[{"start":{"line":30,"column":4},"end":{"line":32,"column":5}},{"start":{"line":30,"column":4},"end":{"line":32,"column":5}}],"line":30},"1":{"loc":{"start":{"line":30,"column":8},"end":{"line":30,"column":42}},"type":"binary-expr","locations":[{"start":{"line":30,"column":8},"end":{"line":30,"column":23}},{"start":{"line":30,"column":27},"end":{"line":30,"column":42}}],"line":30},"2":{"loc":{"start":{"line":34,"column":4},"end":{"line":40,"column":5}},"type":"if","locations":[{"start":{"line":34,"column":4},"end":{"line":40,"column":5}},{"start":{"line":34,"column":4},"end":{"line":40,"column":5}}],"line":34}},"s":{"0":4,"1":3,"2":3,"3":3,"4":3,"5":3,"6":4,"7":3,"8":3,"9":3,"10":3,"11":3,"12":13,"13":13,"14":13,"15":13,"16":13,"17":3,"18":4,"19":5,"20":2,"21":3,"22":1,"23":1,"24":2,"25":2,"26":4},"f":{"0":3,"1":3,"2":5},"b":{"0":[2,3],"1":[5,3],"2":[1,2]},"_coverageSchema":"43e27e138ebf9cfc5966b082cf9a028302ed4184","hash":"cd551ffaee5a0b15b4492aed95b6b02d88bc6303"}
,"/mnt/c/Users/johnb/Cpen321/Cpen321Project/rest-server/utils/suggestions/questionHelper.js": {"path":"/mnt/c/Users/johnb/Cpen321/Cpen321Project/rest-server/utils/suggestions/questionHelper.js","statementMap":{"0":{"start":{"line":1,"column":17},"end":{"line":1,"column":50}},"1":{"start":{"line":2,"column":13},"end":{"line":2,"column":41}},"2":{"start":{"line":3,"column":17},"end":{"line":3,"column":43}},"3":{"start":{"line":4,"column":28},"end":{"line":4,"column":70}},"4":{"start":{"line":5,"column":32},"end":{"line":5,"column":33}},"5":{"start":{"line":6,"column":21},"end":{"line":6,"column":22}},"6":{"start":{"line":7,"column":29},"end":{"line":7,"column":32}},"7":{"start":{"line":8,"column":35},"end":{"line":8,"column":36}},"8":{"start":{"line":16,"column":27},"end":{"line":30,"column":1}},"9":{"start":{"line":17,"column":4},"end":{"line":29,"column":5}},"10":{"start":{"line":18,"column":28},"end":{"line":18,"column":93}},"11":{"start":{"line":21,"column":8},"end":{"line":23,"column":9}},"12":{"start":{"line":22,"column":12},"end":{"line":22,"column":55}},"13":{"start":{"line":24,"column":8},"end":{"line":24,"column":46}},"14":{"start":{"line":27,"column":8},"end":{"line":27,"column":47}},"15":{"start":{"line":28,"column":8},"end":{"line":28,"column":57}},"16":{"start":{"line":37,"column":28},"end":{"line":66,"column":1}},"17":{"start":{"line":40,"column":4},"end":{"line":40,"column":28}},"18":{"start":{"line":42,"column":20},"end":{"line":42,"column":22}},"19":{"start":{"line":42,"column":37},"end":{"line":42,"column":39}},"20":{"start":{"line":43,"column":27},"end":{"line":43,"column":29}},"21":{"start":{"line":45,"column":4},"end":{"line":53,"column":5}},"22":{"start":{"line":45,"column":17},"end":{"line":45,"column":18}},"23":{"start":{"line":46,"column":8},"end":{"line":51,"column":9}},"24":{"start":{"line":47,"column":12},"end":{"line":47,"column":59}},"25":{"start":{"line":48,"column":12},"end":{"line":48,"column":30}},"26":{"start":{"line":50,"column":12},"end":{"line":50,"column":56}},"27":{"start":{"line":52,"column":8},"end":{"line":52,"column":35}},"28":{"start":{"line":55,"column":4},"end":{"line":59,"column":5}},"29":{"start":{"line":55,"column":17},"end":{"line":55,"column":18}},"30":{"start":{"line":56,"column":8},"end":{"line":58,"column":47}},"31":{"start":{"line":61,"column":4},"end":{"line":63,"column":7}},"32":{"start":{"line":62,"column":8},"end":{"line":62,"column":42}},"33":{"start":{"line":65,"column":4},"end":{"line":65,"column":50}},"34":{"start":{"line":74,"column":22},"end":{"line":88,"column":1}},"35":{"start":{"line":76,"column":23},"end":{"line":76,"column":31}},"36":{"start":{"line":77,"column":26},"end":{"line":77,"column":28}},"37":{"start":{"line":78,"column":4},"end":{"line":78,"column":20}},"38":{"start":{"line":79,"column":4},"end":{"line":85,"column":5}},"39":{"start":{"line":79,"column":17},"end":{"line":79,"column":18}},"40":{"start":{"line":80,"column":22},"end":{"line":80,"column":72}},"41":{"start":{"line":80,"column":45},"end":{"line":80,"column":71}},"42":{"start":{"line":82,"column":8},"end":{"line":84,"column":9}},"43":{"start":{"line":83,"column":12},"end":{"line":83,"column":46}},"44":{"start":{"line":87,"column":4},"end":{"line":87,"column":27}},"45":{"start":{"line":97,"column":27},"end":{"line":124,"column":1}},"46":{"start":{"line":98,"column":27},"end":{"line":98,"column":29}},"47":{"start":{"line":99,"column":29},"end":{"line":99,"column":67}},"48":{"start":{"line":99,"column":62},"end":{"line":99,"column":66}},"49":{"start":{"line":101,"column":4},"end":{"line":121,"column":5}},"50":{"start":{"line":101,"column":17},"end":{"line":101,"column":18}},"51":{"start":{"line":104,"column":26},"end":{"line":104,"column":89}},"52":{"start":{"line":104,"column":84},"end":{"line":104,"column":88}},"53":{"start":{"line":107,"column":33},"end":{"line":107,"column":81}},"54":{"start":{"line":108,"column":8},"end":{"line":108,"column":41}},"55":{"start":{"line":109,"column":8},"end":{"line":109,"column":53}},"56":{"start":{"line":110,"column":8},"end":{"line":110,"column":68}},"57":{"start":{"line":112,"column":8},"end":{"line":116,"column":9}},"58":{"start":{"line":115,"column":12},"end":{"line":115,"column":65}},"59":{"start":{"line":118,"column":8},"end":{"line":120,"column":9}},"60":{"start":{"line":119,"column":12},"end":{"line":119,"column":34}},"61":{"start":{"line":123,"column":4},"end":{"line":123,"column":26}},"62":{"start":{"line":126,"column":0},"end":{"line":133,"column":1}}},"fnMap":{"0":{"name":"(anonymous_0)","decl":{"start":{"line":16,"column":27},"end":{"line":16,"column":28}},"loc":{"start":{"line":16,"column":64},"end":{"line":30,"column":1}},"line":16},"1":{"name":"(anonymous_1)","decl":{"start":{"line":37,"column":28},"end":{"line":37,"column":29}},"loc":{"start":{"line":37,"column":63},"end":{"line":66,"column":1}},"line":37},"2":{"name":"(anonymous_2)","decl":{"start":{"line":61,"column":26},"end":{"line":61,"column":27}},"loc":{"start":{"line":61,"column":36},"end":{"line":63,"column":5}},"line":61},"3":{"name":"(anonymous_3)","decl":{"start":{"line":74,"column":22},"end":{"line":74,"column":23}},"loc":{"start":{"line":74,"column":49},"end":{"line":88,"column":1}},"line":74},"4":{"name":"(anonymous_4)","decl":{"start":{"line":80,"column":39},"end":{"line":80,"column":40}},"loc":{"start":{"line":80,"column":45},"end":{"line":80,"column":71}},"line":80},"5":{"name":"(anonymous_5)","decl":{"start":{"line":97,"column":27},"end":{"line":97,"column":28}},"loc":{"start":{"line":97,"column":60},"end":{"line":124,"column":1}},"line":97},"6":{"name":"(anonymous_6)","decl":{"start":{"line":99,"column":50},"end":{"line":99,"column":51}},"loc":{"start":{"line":99,"column":62},"end":{"line":99,"column":66}},"line":99},"7":{"name":"(anonymous_7)","decl":{"start":{"line":104,"column":70},"end":{"line":104,"column":71}},"loc":{"start":{"line":104,"column":84},"end":{"line":104,"column":88}},"line":104}},"branchMap":{"0":{"loc":{"start":{"line":21,"column":8},"end":{"line":23,"column":9}},"type":"if","locations":[{"start":{"line":21,"column":8},"end":{"line":23,"column":9}},{"start":{"line":21,"column":8},"end":{"line":23,"column":9}}],"line":21},"1":{"loc":{"start":{"line":46,"column":8},"end":{"line":51,"column":9}},"type":"if","locations":[{"start":{"line":46,"column":8},"end":{"line":51,"column":9}},{"start":{"line":46,"column":8},"end":{"line":51,"column":9}}],"line":46},"2":{"loc":{"start":{"line":62,"column":15},"end":{"line":62,"column":41}},"type":"cond-expr","locations":[{"start":{"line":62,"column":35},"end":{"line":62,"column":36}},{"start":{"line":62,"column":39},"end":{"line":62,"column":41}}],"line":62},"3":{"loc":{"start":{"line":82,"column":8},"end":{"line":84,"column":9}},"type":"if","locations":[{"start":{"line":82,"column":8},"end":{"line":84,"column":9}},{"start":{"line":82,"column":8},"end":{"line":84,"column":9}}],"line":82},"4":{"loc":{"start":{"line":112,"column":8},"end":{"line":116,"column":9}},"type":"if","locations":[{"start":{"line":112,"column":8},"end":{"line":116,"column":9}},{"start":{"line":112,"column":8},"end":{"line":116,"column":9}}],"line":112},"5":{"loc":{"start":{"line":118,"column":8},"end":{"line":120,"column":9}},"type":"if","locations":[{"start":{"line":118,"column":8},"end":{"line":120,"column":9}},{"start":{"line":118,"column":8},"end":{"line":120,"column":9}}],"line":118}},"s":{"0":3,"1":3,"2":3,"3":3,"4":3,"5":3,"6":3,"7":3,"8":3,"9":7,"10":7,"11":7,"12":1,"13":6,"14":1,"15":1,"16":3,"17":0,"18":0,"19":0,"20":0,"21":0,"22":0,"23":0,"24":0,"25":0,"26":0,"27":0,"28":0,"29":0,"30":0,"31":0,"32":0,"33":0,"34":3,"35":0,"36":0,"37":0,"38":0,"39":0,"40":0,"41":0,"42":0,"43":0,"44":0,"45":3,"46":0,"47":0,"48":0,"49":0,"50":0,"51":0,"52":0,"53":0,"54":0,"55":0,"56":0,"57":0,"58":0,"59":0,"60":0,"61":0,"62":3},"f":{"0":7,"1":0,"2":0,"3":0,"4":0,"5":0,"6":0,"7":0},"b":{"0":[1,6],"1":[0,0],"2":[0,0],"3":[0,0],"4":[0,0],"5":[0,0]},"_coverageSchema":"43e27e138ebf9cfc5966b082cf9a028302ed4184","hash":"aa003a903f453acfa23b3d8b65345fd0fb60ac6d"}
,"/mnt/c/Users/johnb/Cpen321/Cpen321Project/tests/mongoose-mock-data.js": {"path":"/mnt/c/Users/johnb/Cpen321/Cpen321Project/tests/mongoose-mock-data.js","statementMap":{"0":{"start":{"line":1,"column":17},"end":{"line":1,"column":36}},"1":{"start":{"line":2,"column":12},"end":{"line":2,"column":35}},"2":{"start":{"line":3,"column":20},"end":{"line":3,"column":40}},"3":{"start":{"line":4,"column":17},"end":{"line":4,"column":59}},"4":{"start":{"line":5,"column":13},"end":{"line":5,"column":50}},"5":{"start":{"line":6,"column":15},"end":{"line":6,"column":55}},"6":{"start":{"line":8,"column":17},"end":{"line":17,"column":1}},"7":{"start":{"line":19,"column":18},"end":{"line":28,"column":1}},"8":{"start":{"line":30,"column":18},"end":{"line":39,"column":1}},"9":{"start":{"line":41,"column":25},"end":{"line":50,"column":1}},"10":{"start":{"line":52,"column":21},"end":{"line":59,"column":1}},"11":{"start":{"line":61,"column":22},"end":{"line":68,"column":1}},"12":{"start":{"line":70,"column":22},"end":{"line":77,"column":1}},"13":{"start":{"line":79,"column":22},"end":{"line":86,"column":1}},"14":{"start":{"line":88,"column":22},"end":{"line":95,"column":1}},"15":{"start":{"line":97,"column":22},"end":{"line":104,"column":1}},"16":{"start":{"line":106,"column":19},"end":{"line":108,"column":1}},"17":{"start":{"line":110,"column":20},"end":{"line":112,"column":1}},"18":{"start":{"line":114,"column":20},"end":{"line":116,"column":1}},"19":{"start":{"line":118,"column":20},"end":{"line":120,"column":1}},"20":{"start":{"line":122,"column":26},"end":{"line":122,"column":115}},"21":{"start":{"line":123,"column":22},"end":{"line":123,"column":72}},"22":{"start":{"line":124,"column":23},"end":{"line":124,"column":74}},"23":{"start":{"line":126,"column":16},"end":{"line":131,"column":1}},"24":{"start":{"line":133,"column":18},"end":{"line":138,"column":1}},"25":{"start":{"line":140,"column":28},"end":{"line":150,"column":1}},"26":{"start":{"line":141,"column":4},"end":{"line":144,"column":5}},"27":{"start":{"line":141,"column":17},"end":{"line":141,"column":18}},"28":{"start":{"line":142,"column":19},"end":{"line":142,"column":55}},"29":{"start":{"line":143,"column":8},"end":{"line":143,"column":26}},"30":{"start":{"line":146,"column":4},"end":{"line":149,"column":5}},"31":{"start":{"line":146,"column":17},"end":{"line":146,"column":18}},"32":{"start":{"line":147,"column":23},"end":{"line":147,"column":67}},"33":{"start":{"line":148,"column":8},"end":{"line":148,"column":30}},"34":{"start":{"line":152,"column":0},"end":{"line":163,"column":2}}},"fnMap":{"0":{"name":"(anonymous_0)","decl":{"start":{"line":140,"column":28},"end":{"line":140,"column":29}},"loc":{"start":{"line":140,"column":40},"end":{"line":150,"column":1}},"line":140}},"branchMap":{},"s":{"0":3,"1":3,"2":3,"3":3,"4":3,"5":3,"6":3,"7":3,"8":3,"9":3,"10":3,"11":3,"12":3,"13":3,"14":3,"15":3,"16":3,"17":3,"18":3,"19":3,"20":3,"21":3,"22":3,"23":3,"24":3,"25":3,"26":46,"27":46,"28":184,"29":184,"30":46,"31":46,"32":276,"33":276,"34":3},"f":{"0":46},"b":{},"_coverageSchema":"43e27e138ebf9cfc5966b082cf9a028302ed4184","hash":"da95130aaa04cd32ce89190635aa8e3ccf5610b7"}
}
