TN:
SF:/mnt/c/Users/johnb/Cpen321/Cpen321Project/config.js
FNF:0
FNH:0
DA:1,1
DA:14,1
LF:2
LH:2
BRF:0
BRH:0
end_of_record
TN:
SF:/mnt/c/Users/johnb/Cpen321/Cpen321Project/logger.js
FNF:0
FNH:0
DA:1,1
DA:2,1
DA:9,1
DA:13,1
DA:22,1
DA:23,1
DA:25,1
LF:7
LH:7
BRF:0
BRH:0
end_of_record
TN:
SF:/mnt/c/Users/johnb/Cpen321/Cpen321Project/rest-server/controller/user.js
FN:11,(anonymous_0)
FN:31,(anonymous_1)
FN:64,(anonymous_2)
FN:86,(anonymous_3)
FN:114,(anonymous_4)
FN:150,(anonymous_5)
FN:171,(anonymous_6)
FN:201,(anonymous_7)
FN:219,(anonymous_8)
FNF:9
FNH:2
FNDA:1,(anonymous_0)
FNDA:2,(anonymous_1)
FNDA:0,(anonymous_2)
FNDA:0,(anonymous_3)
FNDA:0,(anonymous_4)
FNDA:0,(anonymous_5)
FNDA:0,(anonymous_6)
FNDA:0,(anonymous_7)
FNDA:0,(anonymous_8)
DA:1,1
DA:2,1
DA:3,1
DA:4,1
DA:5,1
DA:6,1
DA:7,1
DA:8,1
DA:9,1
DA:11,1
DA:12,1
DA:19,1
DA:21,1
DA:27,0
DA:31,1
DA:32,2
DA:34,2
DA:35,2
DA:36,2
DA:38,2
DA:40,2
DA:42,2
DA:43,1
DA:53,1
DA:55,1
DA:58,1
DA:60,2
DA:64,1
DA:65,0
DA:66,0
DA:68,0
DA:69,0
DA:71,0
DA:72,0
DA:75,0
DA:76,0
DA:79,0
DA:82,0
DA:86,1
DA:87,0
DA:89,0
DA:90,0
DA:92,0
DA:94,0
DA:95,0
DA:98,0
DA:99,0
DA:100,0
DA:101,0
DA:103,0
DA:105,0
DA:108,0
DA:114,1
DA:116,0
DA:117,0
DA:118,0
DA:119,0
DA:120,0
DA:122,0
DA:124,0
DA:125,0
DA:128,0
DA:129,0
DA:130,0
DA:132,0
DA:133,0
DA:134,0
DA:136,0
DA:137,0
DA:138,0
DA:139,0
DA:141,0
DA:143,0
DA:146,0
DA:150,1
DA:151,0
DA:153,0
DA:154,0
DA:157,0
DA:158,0
DA:159,0
DA:161,0
DA:163,0
DA:166,0
DA:171,1
DA:172,0
DA:173,0
DA:174,0
DA:176,0
DA:177,0
DA:179,0
DA:180,0
DA:181,0
DA:183,0
DA:184,0
DA:187,0
DA:193,0
DA:194,0
DA:196,0
DA:201,0
DA:202,0
DA:205,0
DA:207,0
DA:208,0
DA:210,0
DA:212,0
DA:215,0
DA:219,1
DA:220,0
DA:221,0
DA:223,0
DA:224,0
DA:226,0
DA:227,0
DA:228,0
DA:230,0
DA:231,0
DA:234,0
DA:239,0
DA:240,0
DA:243,0
DA:246,0
DA:251,1
LF:123
LH:33
BRDA:42,0,0,1
BRDA:42,0,1,1
BRDA:71,1,0,0
BRDA:71,1,1,0
BRDA:75,2,0,0
BRDA:75,2,1,0
BRDA:94,3,0,0
BRDA:94,3,1,0
BRDA:124,4,0,0
BRDA:124,4,1,0
BRDA:183,5,0,0
BRDA:183,5,1,0
BRDA:183,6,0,0
BRDA:183,6,1,0
BRDA:193,7,0,0
BRDA:193,7,1,0
BRDA:230,8,0,0
BRDA:230,8,1,0
BRDA:230,9,0,0
BRDA:230,9,1,0
BRDA:239,10,0,0
BRDA:239,10,1,0
BRF:22
BRH:2
end_of_record
TN:
SF:/mnt/c/Users/johnb/Cpen321/Cpen321Project/rest-server/schema/questions.js
FN:55,(anonymous_0)
FN:62,(anonymous_1)
FN:79,(anonymous_2)
FN:86,(anonymous_3)
FNF:4
FNH:0
FNDA:0,(anonymous_0)
FNDA:0,(anonymous_1)
FNDA:0,(anonymous_2)
FNDA:0,(anonymous_3)
DA:1,1
DA:2,1
DA:4,1
DA:55,1
DA:56,0
DA:62,1
DA:64,0
DA:65,0
DA:68,0
DA:70,0
DA:73,0
DA:79,1
DA:80,0
DA:86,1
DA:87,0
DA:90,1
LF:16
LH:8
BRF:0
BRH:0
end_of_record
TN:
SF:/mnt/c/Users/johnb/Cpen321/Cpen321Project/rest-server/schema/user.js
FNF:0
FNH:0
DA:1,1
DA:2,1
DA:4,1
DA:89,1
LF:4
LH:4
BRF:0
BRH:0
end_of_record
TN:
SF:/mnt/c/Users/johnb/Cpen321/Cpen321Project/rest-server/utils/errorHandler.js
FN:8,(anonymous_0)
FN:23,(anonymous_1)
FN:39,(anonymous_2)
FNF:3
FNH:2
FNDA:2,(anonymous_0)
FNDA:0,(anonymous_1)
FNDA:1,(anonymous_2)
DA:1,1
DA:8,1
DA:10,2
DA:11,1
DA:14,2
DA:23,1
DA:25,0
DA:26,0
DA:27,0
DA:28,0
DA:29,0
DA:39,1
DA:40,1
DA:41,1
DA:43,1
DA:44,1
DA:47,1
DA:50,1
LF:18
LH:13
BRDA:10,0,0,1
BRDA:10,0,1,1
BRDA:25,1,0,0
BRDA:25,1,1,0
BRDA:43,2,0,1
BRDA:43,2,1,0
BRF:6
BRH:3
end_of_record
TN:
SF:/mnt/c/Users/johnb/Cpen321/Cpen321Project/rest-server/utils/lg.js
FN:1,(anonymous_0)
FN:40,(anonymous_1)
FNF:2
FNH:2
FNDA:7,(anonymous_0)
FNDA:16,(anonymous_1)
DA:1,1
DA:2,7
DA:28,7
DA:29,154
DA:30,154
DA:32,0
DA:35,154
DA:38,7
DA:40,7
DA:41,16
DA:44,7
DA:47,1
DA:49,1
LF:13
LH:12
BRDA:29,0,0,154
BRDA:29,0,1,0
BRDA:29,1,0,154
BRDA:29,1,1,119
BRF:4
BRH:3
end_of_record
TN:
SF:/mnt/c/Users/johnb/Cpen321/Cpen321Project/rest-server/utils/suggestions/cosineSimilarity.js
FN:3,(anonymous_0)
FN:12,(anonymous_1)
FN:26,(anonymous_2)
FNF:3
FNH:3
FNDA:1,(anonymous_0)
FNDA:1,(anonymous_1)
FNDA:1,(anonymous_2)
DA:3,1
DA:4,1
DA:5,1
DA:6,2
DA:9,1
DA:12,1
DA:13,1
DA:15,1
DA:16,5
DA:17,5
DA:18,5
DA:19,5
DA:20,5
DA:23,1
DA:26,1
DA:30,1
DA:31,0
DA:34,1
DA:35,1
DA:36,1
DA:38,0
DA:39,0
DA:43,1
DA:45,1
DA:46,1
DA:47,1
LF:26
LH:23
BRDA:30,0,0,0
BRDA:30,0,1,1
BRDA:30,1,0,1
BRDA:30,1,1,1
BRDA:34,2,0,1
BRDA:34,2,1,0
BRF:6
BRH:4
end_of_record
TN:
SF:/mnt/c/Users/johnb/Cpen321/Cpen321Project/rest-server/utils/suggestions/questionHelper.js
FN:16,(anonymous_0)
FN:33,(anonymous_1)
FN:57,(anonymous_2)
FN:70,(anonymous_3)
FN:76,(anonymous_4)
FN:93,(anonymous_5)
FN:95,(anonymous_6)
FN:100,(anonymous_7)
FNF:8
FNH:0
FNDA:0,(anonymous_0)
FNDA:0,(anonymous_1)
FNDA:0,(anonymous_2)
FNDA:0,(anonymous_3)
FNDA:0,(anonymous_4)
FNDA:0,(anonymous_5)
FNDA:0,(anonymous_6)
FNDA:0,(anonymous_7)
DA:1,1
DA:2,1
DA:3,1
DA:4,1
DA:5,1
DA:6,1
DA:7,1
DA:8,1
DA:16,1
DA:17,0
DA:18,0
DA:20,0
DA:23,0
DA:24,0
DA:33,1
DA:36,0
DA:38,0
DA:39,0
DA:41,0
DA:42,0
DA:43,0
DA:44,0
DA:46,0
DA:48,0
DA:51,0
DA:52,0
DA:57,0
DA:58,0
DA:61,0
DA:70,1
DA:72,0
DA:73,0
DA:74,0
DA:75,0
DA:76,0
DA:78,0
DA:79,0
DA:83,0
DA:93,1
DA:94,0
DA:95,0
DA:97,0
DA:100,0
DA:103,0
DA:104,0
DA:105,0
DA:106,0
DA:108,0
DA:111,0
DA:114,0
DA:115,0
DA:119,0
DA:122,1
LF:53
LH:13
BRDA:42,0,0,0
BRDA:42,0,1,0
BRDA:58,1,0,0
BRDA:58,1,1,0
BRDA:78,2,0,0
BRDA:78,2,1,0
BRDA:108,3,0,0
BRDA:108,3,1,0
BRDA:114,4,0,0
BRDA:114,4,1,0
BRF:10
BRH:0
end_of_record
TN:
SF:/mnt/c/Users/johnb/Cpen321/Cpen321Project/tests/mongoose-mock-data.js
FNF:0
FNH:0
DA:1,1
DA:3,1
DA:4,1
DA:6,1
DA:17,1
DA:22,1
LF:6
LH:6
BRF:0
BRH:0
end_of_record
