TN:
SF:/mnt/c/Users/johnb/Cpen321/Cpen321Project/config.js
FNF:0
FNH:0
DA:1,1
DA:14,1
LF:2
LH:2
BRF:0
BRH:0
end_of_record
TN:
SF:/mnt/c/Users/johnb/Cpen321/Cpen321Project/logger.js
FNF:0
FNH:0
DA:1,5
DA:2,5
DA:9,5
DA:13,5
DA:22,5
LF:5
LH:5
BRF:0
BRH:0
end_of_record
TN:
SF:/mnt/c/Users/johnb/Cpen321/Cpen321Project/rest-server/controller/question.js
FN:14,(anonymous_0)
FN:33,(anonymous_1)
FN:74,(anonymous_2)
FN:120,(anonymous_3)
FN:153,(anonymous_4)
FNF:5
FNH:4
FNDA:2,(anonymous_0)
FNDA:2,(anonymous_1)
FNDA:0,(anonymous_2)
FNDA:4,(anonymous_3)
FNDA:2,(anonymous_4)
DA:1,2
DA:2,2
DA:3,2
DA:4,2
DA:5,2
DA:11,2
DA:14,2
DA:15,2
DA:17,2
DA:18,2
DA:20,2
DA:22,2
DA:23,1
DA:26,2
DA:29,0
DA:33,2
DA:35,2
DA:36,2
DA:37,2
DA:38,2
DA:40,2
DA:41,2
DA:42,2
DA:43,2
DA:44,2
DA:46,2
DA:47,2
DA:49,2
DA:50,1
DA:53,2
DA:61,2
DA:63,2
DA:64,2
DA:66,2
DA:69,2
DA:74,2
DA:75,0
DA:77,0
DA:79,0
DA:81,0
DA:83,0
DA:84,0
DA:85,0
DA:88,0
DA:91,0
DA:92,0
DA:93,0
DA:96,0
DA:97,0
DA:102,0
DA:104,0
DA:105,0
DA:106,0
DA:107,0
DA:108,0
DA:111,0
DA:112,0
DA:113,0
DA:116,0
DA:120,2
DA:121,4
DA:122,4
DA:123,4
DA:125,4
DA:126,4
DA:127,4
DA:129,4
DA:130,4
DA:132,4
DA:133,1
DA:136,4
DA:139,4
DA:140,3
DA:143,4
DA:149,0
DA:153,2
DA:154,2
DA:156,2
DA:157,2
DA:159,2
DA:160,1
DA:163,2
DA:165,0
DA:170,2
LF:84
LH:58
BRDA:22,0,0,1
BRDA:22,0,1,1
BRDA:49,1,0,1
BRDA:49,1,1,1
BRDA:132,2,0,1
BRDA:132,2,1,3
BRDA:139,3,0,3
BRDA:139,3,1,1
BRDA:159,4,0,1
BRDA:159,4,1,1
BRF:10
BRH:10
end_of_record
TN:
SF:/mnt/c/Users/johnb/Cpen321/Cpen321Project/rest-server/controller/search.js
FN:8,(anonymous_0)
FN:17,(anonymous_1)
FNF:2
FNH:1
FNDA:0,(anonymous_0)
FNDA:2,(anonymous_1)
DA:1,1
DA:2,1
DA:3,1
DA:4,1
DA:5,1
DA:6,1
DA:8,1
DA:9,0
DA:10,0
DA:11,0
DA:14,0
DA:17,1
DA:19,2
DA:20,2
DA:21,0
DA:23,0
DA:24,0
DA:26,0
DA:27,0
DA:29,0
DA:30,0
DA:34,0
DA:35,0
DA:37,0
DA:38,0
DA:39,0
DA:40,0
DA:41,0
DA:43,0
DA:44,0
DA:49,0
DA:50,0
DA:51,0
DA:52,0
DA:55,0
DA:60,1
LF:36
LH:11
BRDA:10,0,0,0
BRDA:10,0,1,0
BRDA:34,1,0,0
BRDA:34,1,1,0
BRDA:43,2,0,0
BRDA:43,2,1,0
BRF:6
BRH:0
end_of_record
TN:
SF:/mnt/c/Users/johnb/Cpen321/Cpen321Project/rest-server/controller/user.js
FN:11,(anonymous_0)
FN:29,(anonymous_1)
FN:65,(anonymous_2)
FN:87,(anonymous_3)
FN:113,(anonymous_4)
FN:149,(anonymous_5)
FN:170,(anonymous_6)
FN:200,(anonymous_7)
FN:218,(anonymous_8)
FNF:9
FNH:9
FNDA:4,(anonymous_0)
FNDA:2,(anonymous_1)
FNDA:3,(anonymous_2)
FNDA:2,(anonymous_3)
FNDA:6,(anonymous_4)
FNDA:1,(anonymous_5)
FNDA:9,(anonymous_6)
FNDA:9,(anonymous_7)
FNDA:7,(anonymous_8)
DA:1,1
DA:2,1
DA:3,1
DA:4,1
DA:5,1
DA:6,1
DA:7,1
DA:8,1
DA:9,1
DA:11,1
DA:12,4
DA:19,4
DA:21,4
DA:29,1
DA:30,2
DA:32,2
DA:33,2
DA:34,2
DA:36,2
DA:38,2
DA:39,2
DA:40,2
DA:41,2
DA:43,2
DA:44,1
DA:54,1
DA:56,1
DA:59,2
DA:61,1
DA:65,1
DA:66,3
DA:67,3
DA:69,3
DA:70,3
DA:72,3
DA:73,1
DA:76,3
DA:77,1
DA:80,2
DA:83,1
DA:87,1
DA:88,2
DA:90,2
DA:91,2
DA:93,2
DA:95,2
DA:96,1
DA:99,2
DA:100,1
DA:101,1
DA:102,1
DA:104,1
DA:106,1
DA:109,1
DA:113,1
DA:115,6
DA:116,6
DA:117,6
DA:118,6
DA:119,6
DA:121,6
DA:123,6
DA:124,1
DA:127,6
DA:128,6
DA:129,6
DA:131,6
DA:132,5
DA:133,5
DA:135,5
DA:136,5
DA:137,5
DA:138,5
DA:140,5
DA:142,5
DA:145,1
DA:149,1
DA:150,1
DA:152,1
DA:153,1
DA:156,1
DA:157,1
DA:158,1
DA:160,1
DA:162,1
DA:165,0
DA:170,1
DA:171,9
DA:172,9
DA:173,9
DA:175,9
DA:176,9
DA:178,9
DA:179,9
DA:180,9
DA:182,9
DA:183,2
DA:186,9
DA:192,9
DA:193,7
DA:195,7
DA:200,9
DA:201,9
DA:204,8
DA:206,8
DA:207,8
DA:209,8
DA:211,8
DA:214,1
DA:218,1
DA:219,7
DA:220,7
DA:222,7
DA:223,7
DA:225,7
DA:226,7
DA:227,6
DA:229,6
DA:230,1
DA:233,6
DA:235,6
DA:236,5
DA:239,6
DA:242,1
DA:247,1
DA:258,1
LF:126
LH:125
BRDA:43,0,0,1
BRDA:43,0,1,1
BRDA:43,1,0,2
BRDA:43,1,1,1
BRDA:72,2,0,1
BRDA:72,2,1,2
BRDA:76,3,0,1
BRDA:76,3,1,1
BRDA:95,4,0,1
BRDA:95,4,1,1
BRDA:123,5,0,1
BRDA:123,5,1,5
BRDA:182,6,0,2
BRDA:182,6,1,7
BRDA:182,7,0,9
BRDA:182,7,1,8
BRDA:192,8,0,7
BRDA:192,8,1,2
BRDA:229,9,0,1
BRDA:229,9,1,5
BRDA:229,10,0,6
BRDA:229,10,1,6
BRDA:235,11,0,5
BRDA:235,11,1,1
BRF:24
BRH:24
end_of_record
TN:
SF:/mnt/c/Users/johnb/Cpen321/Cpen321Project/rest-server/schema/answers.js
FNF:0
FNH:0
DA:1,5
DA:2,5
DA:4,5
DA:31,5
LF:4
LH:4
BRF:0
BRH:0
end_of_record
TN:
SF:/mnt/c/Users/johnb/Cpen321/Cpen321Project/rest-server/schema/questions.js
FN:55,(anonymous_0)
FN:62,(anonymous_1)
FN:79,(anonymous_2)
FN:87,(anonymous_3)
FNF:4
FNH:1
FNDA:12,(anonymous_0)
FNDA:0,(anonymous_1)
FNDA:0,(anonymous_2)
FNDA:0,(anonymous_3)
DA:1,5
DA:2,5
DA:4,5
DA:55,5
DA:56,12
DA:62,5
DA:64,0
DA:65,0
DA:68,0
DA:70,0
DA:73,0
DA:79,5
DA:80,0
DA:81,0
DA:87,5
DA:88,0
DA:91,5
LF:17
LH:9
BRF:0
BRH:0
end_of_record
TN:
SF:/mnt/c/Users/johnb/Cpen321/Cpen321Project/rest-server/schema/user.js
FNF:0
FNH:0
DA:1,5
DA:2,5
DA:4,5
DA:89,5
LF:4
LH:4
BRF:0
BRH:0
end_of_record
TN:
SF:/mnt/c/Users/johnb/Cpen321/Cpen321Project/rest-server/utils/lg.js
FN:1,(anonymous_0)
FN:40,(anonymous_1)
FNF:2
FNH:2
FNDA:6,(anonymous_0)
FNDA:14,(anonymous_1)
DA:1,4
DA:2,6
DA:28,6
DA:29,132
DA:30,132
DA:32,0
DA:35,132
DA:38,6
DA:40,6
DA:41,14
DA:44,6
DA:48,4
LF:12
LH:11
BRDA:29,0,0,132
BRDA:29,0,1,0
BRDA:29,1,0,132
BRDA:29,1,1,102
BRF:4
BRH:3
end_of_record
TN:
SF:/mnt/c/Users/johnb/Cpen321/Cpen321Project/rest-server/utils/suggestions/cosineSimilarity.js
FN:3,(anonymous_0)
FN:12,(anonymous_1)
FN:26,(anonymous_2)
FNF:3
FNH:3
FNDA:13,(anonymous_0)
FNDA:13,(anonymous_1)
FNDA:15,(anonymous_2)
DA:3,5
DA:4,13
DA:5,13
DA:6,7
DA:9,13
DA:12,5
DA:13,13
DA:15,13
DA:16,53
DA:17,53
DA:18,53
DA:19,53
DA:20,53
DA:23,13
DA:26,5
DA:30,15
DA:31,2
DA:34,13
DA:35,4
DA:36,4
DA:38,9
DA:39,9
DA:43,5
LF:23
LH:23
BRDA:30,0,0,2
BRDA:30,0,1,13
BRDA:30,1,0,15
BRDA:30,1,1,13
BRDA:34,2,0,4
BRDA:34,2,1,9
BRF:6
BRH:6
end_of_record
TN:
SF:/mnt/c/Users/johnb/Cpen321/Cpen321Project/rest-server/utils/suggestions/questionHelper.js
FN:15,(anonymous_0)
FN:37,(anonymous_1)
FN:65,(anonymous_2)
FN:78,(anonymous_3)
FN:85,(anonymous_4)
FN:101,(anonymous_5)
FN:103,(anonymous_6)
FN:108,(anonymous_7)
FNF:8
FNH:8
FNDA:12,(anonymous_0)
FNDA:5,(anonymous_1)
FNDA:16,(anonymous_2)
FNDA:4,(anonymous_3)
FNDA:19,(anonymous_4)
FNDA:8,(anonymous_5)
FNDA:32,(anonymous_6)
FNDA:36,(anonymous_7)
DA:1,4
DA:2,4
DA:3,4
DA:4,4
DA:5,4
DA:6,4
DA:7,4
DA:8,4
DA:15,4
DA:16,12
DA:17,12
DA:20,12
DA:21,3
DA:24,9
DA:27,3
DA:28,3
DA:37,4
DA:40,5
DA:42,5
DA:43,5
DA:45,5
DA:46,28
DA:47,14
DA:48,14
DA:50,14
DA:52,28
DA:55,5
DA:56,14
DA:61,5
DA:62,1
DA:65,4
DA:66,16
DA:69,4
DA:78,4
DA:80,4
DA:81,4
DA:82,4
DA:84,4
DA:85,19
DA:87,16
DA:88,6
DA:92,4
DA:101,4
DA:102,8
DA:103,32
DA:104,8
DA:105,8
DA:108,36
DA:109,10
DA:110,10
DA:111,10
DA:113,10
DA:116,10
DA:119,10
DA:120,0
DA:124,8
DA:127,4
DA:154,4
DA:155,4
DA:157,4
DA:158,4
LF:61
LH:60
BRDA:20,0,0,3
BRDA:20,0,1,9
BRDA:46,1,0,14
BRDA:46,1,1,14
BRDA:61,2,0,1
BRDA:61,2,1,4
BRDA:66,3,0,6
BRDA:66,3,1,10
BRDA:87,4,0,6
BRDA:87,4,1,10
BRDA:113,5,0,10
BRDA:113,5,1,0
BRDA:119,6,0,0
BRDA:119,6,1,10
BRF:14
BRH:12
end_of_record
TN:
SF:/mnt/c/Users/johnb/Cpen321/Cpen321Project/tests/mongoose-mock-data.js
FN:138,(anonymous_0)
FNF:1
FNH:1
FNDA:57,(anonymous_0)
DA:1,5
DA:2,5
DA:3,5
DA:4,5
DA:6,5
DA:17,5
DA:28,5
DA:39,5
DA:50,5
DA:59,5
DA:68,5
DA:77,5
DA:87,5
DA:97,5
DA:107,5
DA:117,5
DA:121,5
DA:125,5
DA:129,5
DA:133,5
DA:135,5
DA:136,5
DA:138,5
DA:139,57
DA:140,228
DA:141,228
DA:144,57
DA:145,399
DA:146,399
DA:150,5
LF:30
LH:30
BRF:0
BRH:0
end_of_record
